#
# There is insufficient memory for the Java Runtime Environment to continue.
# Native memory allocation (mmap) failed to map 234881024 bytes for G1 virtual space
# Possible reasons:
#   The system is out of physical RAM or swap space
#   The process is running with CompressedOops enabled, and the Java Heap may be blocking the growth of the native heap
# Possible solutions:
#   Reduce memory load on the system
#   Increase physical memory or swap space
#   Check if swap backing store is full
#   Decrease Java heap size (-Xmx/-Xms)
#   Decrease number of Java threads
#   Decrease Java thread stack sizes (-Xss)
#   Set larger code cache with -XX:ReservedCodeCacheSize=
#   JVM is running with Zero Based Compressed Oops mode in which the Java heap is
#     placed in the first 32GB address space. The Java Heap base address is the
#     maximum limit for the native heap growth. Please use -XX:HeapBaseMinAddress
#     to set the Java Heap base and to place the Java Heap above 32GB virtual address.
# This output file may be truncated or incomplete.
#
#  Out of Memory Error (os_windows.cpp:3528), pid=43684, tid=37896
#
# JRE version:  (20.0+36) (build )
# Java VM: Java HotSpot(TM) 64-Bit Server VM (20+36-2344, mixed mode, sharing, tiered, compressed oops, compressed class ptrs, g1 gc, windows-amd64)
# No core dump will be written. Minidumps are not enabled by default on client versions of Windows
#

---------------  S U M M A R Y ------------

Command Line: -Dfile.encoding=UTF-8 --module-path=C:\Users\aditi\Documents\NetBeansProjects\Emolyeemanagementsystem\build\classes emolyeemanagementsystem.AddEmployee

Host: AMD Ryzen 7 3700U with Radeon Vega Mobile Gfx  , 8 cores, 13G,  Windows 11 , 64 bit Build 22621 (10.0.22621.3527)
Time: Sun May 12 15:54:21 2024 India Standard Time elapsed time: 0.028530 seconds (0d 0h 0m 0s)

---------------  T H R E A D  ---------------

Current thread (0x0000019a0145fbb0):  JavaThread "Unknown thread" [_thread_in_vm, id=37896, stack(0x0000008448700000,0x0000008448800000)]

Stack: [0x0000008448700000,0x0000008448800000]
Native frames: (J=compiled Java code, j=interpreted, Vv=VM code, C=native code)
V  [jvm.dll+0x6bb95a]
V  [jvm.dll+0x8483aa]
V  [jvm.dll+0x849fa5]
V  [jvm.dll+0x84a6a3]
V  [jvm.dll+0x280b0f]
V  [jvm.dll+0x6b86e9]
V  [jvm.dll+0x6ad2da]
V  [jvm.dll+0x35adf5]
V  [jvm.dll+0x363016]
V  [jvm.dll+0x3b3b3e]
V  [jvm.dll+0x3b3dc5]
V  [jvm.dll+0x32b50a]
V  [jvm.dll+0x32c32b]
V  [jvm.dll+0x81106f]
V  [jvm.dll+0x3c0d91]
V  [jvm.dll+0x7fcd93]
V  [jvm.dll+0x44c76f]
V  [jvm.dll+0x44e0e1]
C  [jli.dll+0x5287]
C  [ucrtbase.dll+0x29333]
C  [KERNEL32.DLL+0x1257d]
C  [ntdll.dll+0x5aa48]


---------------  P R O C E S S  ---------------

Threads class SMR info:
_java_thread_list=0x00007ffafb02a098, length=0, elements={
}

Java Threads: ( => current thread )

Other Threads:
  0x0000019a014c5920 WorkerThread "GC Thread#0" [stack: 0x0000008448800000,0x0000008448900000] [id=16564]
  0x0000019a014d4770 ConcurrentGCThread "G1 Main Marker" [stack: 0x0000008448900000,0x0000008448a00000] [id=45892]
  0x0000019a014d5340 WorkerThread "G1 Conc#0" [stack: 0x0000008448a00000,0x0000008448b00000] [id=45156]

[error occurred during error reporting (printing all threads), id 0xc0000005, EXCEPTION_ACCESS_VIOLATION (0xc0000005) at pc=0x00007ffafa80eb47]
VM state: not at safepoint (not fully initialized)

VM Mutex/Monitor currently owned by a thread:  ([mutex/lock_event])
[0x0000019a0145bdd0] Heap_lock - owner thread: 0x0000019a0145fbb0

Heap address: 0x0000000720c00000, size: 3572 MB, Compressed Oops mode: Zero based, Oop shift amount: 3

CDS archive(s) mapped at: [0x0000000000000000-0x0000000000000000-0x0000000000000000), size 0, SharedBaseAddress: 0x0000000800000000, ArchiveRelocationMode: 0.
Narrow klass base: 0x0000000000000000, Narrow klass shift: 0, Narrow klass range: 0x0

GC Precious Log:
 CardTable entry size: 512
 Card Set container configuration: InlinePtr #cards 4 size 8 Array Of Cards #cards 16 size 48 Howl #buckets 8 coarsen threshold 3686 Howl Bitmap #cards 512 size 80 coarsen threshold 460 Card regions per heap region 1 cards per card region 4096

Heap:
 garbage-first heap   total 0K, used 0K [0x0000000720c00000, 0x0000000800000000)
  region size 2048K, 0 young (0K), 0 survivors (0K)

[error occurred during error reporting (printing heap information), id 0xc0000005, EXCEPTION_ACCESS_VIOLATION (0xc0000005) at pc=0x00007ffafabe3c59]
GC Heap History (0 events):
No events

Dll operation events (1 events):
Event: 0.019 Loaded shared library C:\Program Files\Java\jdk-20\bin\java.dll

Deoptimization events (0 events):
No events

Classes loaded (0 events):
No events

Classes unloaded (0 events):
No events

Classes redefined (0 events):
No events

Internal exceptions (0 events):
No events

VM Operations (0 events):
No events

Events (0 events):
No events


Dynamic libraries:
0x00007ff6b3190000 - 0x00007ff6b31a0000 	C:\Program Files\Java\jdk-20\bin\java.exe
0x00007ffbbf0b0000 - 0x00007ffbbf2c7000 	C:\WINDOWS\SYSTEM32\ntdll.dll
0x00007ffbbecb0000 - 0x00007ffbbed74000 	C:\WINDOWS\System32\KERNEL32.DLL
0x00007ffbbc970000 - 0x00007ffbbcd17000 	C:\WINDOWS\System32\KERNELBASE.dll
0x00007ffbb6210000 - 0x00007ffbb62a7000 	C:\WINDOWS\SYSTEM32\apphelp.dll
0x00007ffbbc5f0000 - 0x00007ffbbc701000 	C:\WINDOWS\System32\ucrtbase.dll
0x00007ffbacb90000 - 0x00007ffbacba9000 	C:\Program Files\Java\jdk-20\bin\jli.dll
0x00007ffbacbe0000 - 0x00007ffbacbfb000 	C:\Program Files\Java\jdk-20\bin\VCRUNTIME140.dll
0x00007ffbbeb60000 - 0x00007ffbbec12000 	C:\WINDOWS\System32\ADVAPI32.dll
0x00007ffbbcde0000 - 0x00007ffbbce87000 	C:\WINDOWS\System32\msvcrt.dll
0x00007ffbbe4c0000 - 0x00007ffbbe568000 	C:\WINDOWS\System32\sechost.dll
0x00007ffbbc520000 - 0x00007ffbbc548000 	C:\WINDOWS\System32\bcrypt.dll
0x00007ffbbef50000 - 0x00007ffbbf065000 	C:\WINDOWS\System32\RPCRT4.dll
0x00007ffbbe9b0000 - 0x00007ffbbeb5e000 	C:\WINDOWS\System32\USER32.dll
0x00007ffbae290000 - 0x00007ffbae523000 	C:\WINDOWS\WinSxS\amd64_microsoft.windows.common-controls_6595b64144ccf1df_6.0.22621.3527_none_270e469b73872a76\COMCTL32.dll
0x00007ffbbc3d0000 - 0x00007ffbbc3f6000 	C:\WINDOWS\System32\win32u.dll
0x00007ffbbe490000 - 0x00007ffbbe4b9000 	C:\WINDOWS\System32\GDI32.dll
0x00007ffbbc400000 - 0x00007ffbbc519000 	C:\WINDOWS\System32\gdi32full.dll
0x00007ffbbc550000 - 0x00007ffbbc5ea000 	C:\WINDOWS\System32\msvcp_win.dll
0x00007ffbb23e0000 - 0x00007ffbb23ea000 	C:\WINDOWS\SYSTEM32\VERSION.dll
0x00007ffbbed90000 - 0x00007ffbbedc1000 	C:\WINDOWS\System32\IMM32.DLL
0x00007ffbb2f10000 - 0x00007ffbb2f1c000 	C:\Program Files\Java\jdk-20\bin\vcruntime140_1.dll
0x00007ffb96950000 - 0x00007ffb969de000 	C:\Program Files\Java\jdk-20\bin\msvcp140.dll
0x00007ffafa4d0000 - 0x00007ffafb167000 	C:\Program Files\Java\jdk-20\bin\server\jvm.dll
0x00007ffbb6aa0000 - 0x00007ffbb6ad4000 	C:\WINDOWS\SYSTEM32\WINMM.dll
0x00007ffbb0690000 - 0x00007ffbb0699000 	C:\WINDOWS\SYSTEM32\WSOCK32.dll
0x00007ffbbe410000 - 0x00007ffbbe481000 	C:\WINDOWS\System32\WS2_32.dll
0x00007ffbbb390000 - 0x00007ffbbb3a8000 	C:\WINDOWS\SYSTEM32\kernel.appcore.dll
0x00007ffbb05c0000 - 0x00007ffbb05ca000 	C:\Program Files\Java\jdk-20\bin\jimage.dll
0x00007ffbb9c00000 - 0x00007ffbb9e33000 	C:\WINDOWS\SYSTEM32\DBGHELP.DLL
0x00007ffbbd750000 - 0x00007ffbbdad8000 	C:\WINDOWS\System32\combase.dll
0x00007ffbbedd0000 - 0x00007ffbbeea7000 	C:\WINDOWS\System32\OLEAUT32.dll
0x00007ffbb3370000 - 0x00007ffbb33a2000 	C:\WINDOWS\SYSTEM32\dbgcore.DLL
0x00007ffbbc780000 - 0x00007ffbbc7f9000 	C:\WINDOWS\System32\bcryptPrimitives.dll
0x00007ffb9e5c0000 - 0x00007ffb9e5e6000 	C:\Program Files\Java\jdk-20\bin\java.dll

dbghelp: loaded successfully - version: 4.0.5 - missing functions: none
symbol engine: initialized successfully - sym options: 0x614 - pdb path: .;C:\Program Files\Java\jdk-20\bin;C:\WINDOWS\SYSTEM32;C:\WINDOWS\WinSxS\amd64_microsoft.windows.common-controls_6595b64144ccf1df_6.0.22621.3527_none_270e469b73872a76;C:\Program Files\Java\jdk-20\bin\server

VM Arguments:
jvm_args: -Dfile.encoding=UTF-8 --module-path=C:\Users\aditi\Documents\NetBeansProjects\Emolyeemanagementsystem\build\classes 
java_command: emolyeemanagementsystem.AddEmployee
java_class_path (initial): C:\Users\aditi\Downloads\drive-download-20240510T183158Z-001\mysql-connector-java-8.0.28.jar;C:\Users\aditi\Downloads\drive-download-20240510T183158Z-001\jcalendar-tz-1.3.3-4.jar;C:\Users\aditi\Documents\NetBeansProjects\Emolyeemanagementsystem\build\classes
Launcher Type: SUN_STANDARD

[Global flags]
     intx CICompilerCount                          = 4                                         {product} {ergonomic}
     uint ConcGCThreads                            = 2                                         {product} {ergonomic}
     uint G1ConcRefinementThreads                  = 8                                         {product} {ergonomic}
   size_t G1HeapRegionSize                         = 2097152                                   {product} {ergonomic}
    uintx GCDrainStackTargetSize                   = 64                                        {product} {ergonomic}
   size_t InitialHeapSize                          = 234881024                                 {product} {ergonomic}
   size_t MarkStackSize                            = 4194304                                   {product} {ergonomic}
   size_t MaxHeapSize                              = 3745513472                                {product} {ergonomic}
   size_t MinHeapDeltaBytes                        = 2097152                                   {product} {ergonomic}
   size_t MinHeapSize                              = 8388608                                   {product} {ergonomic}
    uintx NonNMethodCodeHeapSize                   = 5839372                                {pd product} {ergonomic}
    uintx NonProfiledCodeHeapSize                  = 122909434                              {pd product} {ergonomic}
    uintx ProfiledCodeHeapSize                     = 122909434                              {pd product} {ergonomic}
    uintx ReservedCodeCacheSize                    = 251658240                              {pd product} {ergonomic}
     bool SegmentedCodeCache                       = true                                      {product} {ergonomic}
   size_t SoftMaxHeapSize                          = 3745513472                             {manageable} {ergonomic}
     bool UseCompressedClassPointers               = true                           {product lp64_product} {ergonomic}
     bool UseCompressedOops                        = true                           {product lp64_product} {ergonomic}
     bool UseG1GC                                  = true                                      {product} {ergonomic}
     bool UseLargePagesIndividualAllocation        = false                                  {pd product} {ergonomic}

Logging:
Log output configuration:
 #0: stdout all=warning uptime,level,tags foldmultilines=false
 #1: stderr all=off uptime,level,tags foldmultilines=false

Environment Variables:
PATH=C:\Program Files (x86)\Common Files\Intel\Shared Libraries\redist\intel64\compiler;C:\Program Files\Common Files\Oracle\Java\javapath;C:\Program Files\Python311\Scripts\;C:\Program Files\Python311\;C:\Windows\system32;C:\Windows;C:\Windows\System32\Wbem;C:\Windows\System32\WindowsPowerShell\v1.0\;C:\Windows\System32\OpenSSH\;C:\Program Files\Microsoft SQL Server\150\Tools\Binn\;C:\Program Files\Microsoft SQL Server\Client SDK\ODBC\170\Tools\Binn\;C:\Program Files\dotnet\;C:\Users\aditi\AppData\Local\Programs\Python\Python310\Scripts;C:\WINDOWS\system32;C:\WINDOWS;C:\WINDOWS\System32\Wbem;C:\WINDOWS\System32\WindowsPowerShell\v1.0\;C:\WINDOWS\System32\OpenSSH\;C:\MinGW\bin;C:\Program Files\Git\cmd;C:\Program Files\MySQL\MySQL Shell 8.0\bin\;C:\Program Files\MySQL\MySQL Shell 8.4\bin\;C:\Users\aditi\AppData\Local\Microsoft\WindowsApps;C:\Users\aditi\.dotnet\tools;C:\Users\aditi\AppData\Local\Programs\Microsoft VS Code\bin;C:\Program Files\JetBrains\IntelliJ IDEA Community Edition 2023.1\bin;;
USERNAME=aditi
OS=Windows_NT
PROCESSOR_IDENTIFIER=AMD64 Family 23 Model 24 Stepping 1, AuthenticAMD
TMP=C:\Users\aditi\AppData\Local\Temp
TEMP=C:\Users\aditi\AppData\Local\Temp




---------------  S Y S T E M  ---------------

OS:
 Windows 11 , 64 bit Build 22621 (10.0.22621.3527)
OS uptime: 10 days 2:44 hours

CPU: total 8 (initial active 8) (8 cores per cpu, 2 threads per core) family 23 model 24 stepping 1 microcode 0x0, cx8, cmov, fxsr, ht, mmx, 3dnowpref, sse, sse2, sse3, ssse3, sse4a, sse4.1, sse4.2, popcnt, lzcnt, tsc, tscinvbit, avx, avx2, aes, clmul, bmi1, bmi2, adx, sha, fma, vzeroupper, clflush, clflushopt, rdtscp, f16c

Memory: 4k page, system-wide physical 14283M (684M free)
TotalPageFile size 57291M (AvailPageFile size 158M)
current process WorkingSet (physical memory assigned to process): 12M, peak: 12M
current process commit charge ("private bytes"): 60M, peak: 284M

vm_info: Java HotSpot(TM) 64-Bit Server VM (20+36-2344) for windows-amd64 JRE (20+36-2344), built on 2023-02-10T19:30:15Z by "mach5one" with MS VC++ 17.1 (VS2022)

END.
