#
# There is insufficient memory for the Java Runtime Environment to continue.
# Native memory allocation (malloc) failed to allocate 32744 bytes for Chunk::new
# Possible reasons:
#   The system is out of physical RAM or swap space
#   The process is running with CompressedOops enabled, and the Java Heap may be blocking the growth of the native heap
# Possible solutions:
#   Reduce memory load on the system
#   Increase physical memory or swap space
#   Check if swap backing store is full
#   Decrease Java heap size (-Xmx/-Xms)
#   Decrease number of Java threads
#   Decrease Java thread stack sizes (-Xss)
#   Set larger code cache with -XX:ReservedCodeCacheSize=
#   JVM is running with Zero Based Compressed Oops mode in which the Java heap is
#     placed in the first 32GB address space. The Java Heap base address is the
#     maximum limit for the native heap growth. Please use -XX:HeapBaseMinAddress
#     to set the Java Heap base and to place the Java Heap above 32GB virtual address.
# This output file may be truncated or incomplete.
#
#  Out of Memory Error (arena.cpp:184), pid=44692, tid=38844
#
# JRE version: Java(TM) SE Runtime Environment (20.0+36) (build 20+36-2344)
# Java VM: Java HotSpot(TM) 64-Bit Server VM (20+36-2344, mixed mode, sharing, tiered, compressed oops, compressed class ptrs, g1 gc, windows-amd64)
# No core dump will be written. Minidumps are not enabled by default on client versions of Windows
#

---------------  S U M M A R Y ------------

Command Line: -Dfile.encoding=UTF-8 -agentlib:jdwp=transport=dt_shmem,address=javadebug1580 --module-path=C:\Users\aditi\Documents\NetBeansProjects\Emolyeemanagementsystem\build\classes emolyeemanagementsystem.AddEmployee

Host: AMD Ryzen 7 3700U with Radeon Vega Mobile Gfx  , 8 cores, 13G,  Windows 11 , 64 bit Build 22621 (10.0.22621.3527)
Time: Sun May 12 15:56:36 2024 India Standard Time elapsed time: 0.521369 seconds (0d 0h 0m 0s)

---------------  T H R E A D  ---------------

Current thread (0x00000265cbdc2b00):  JavaThread "main" [_thread_in_vm, id=38844, stack(0x000000d829800000,0x000000d829900000)]

Stack: [0x000000d829800000,0x000000d829900000]
Native frames: (J=compiled Java code, j=interpreted, Vv=VM code, C=native code)
V  [jvm.dll+0x6bb95a]
V  [jvm.dll+0x8483aa]
V  [jvm.dll+0x849fa5]
V  [jvm.dll+0x84a6a3]
V  [jvm.dll+0x280b0f]
V  [jvm.dll+0xc2b11]
V  [jvm.dll+0xc2e35]
V  [jvm.dll+0x30c125]
V  [jvm.dll+0x30b686]
V  [jvm.dll+0x21ca9b]
V  [jvm.dll+0x211799]
V  [jvm.dll+0x59c26c]
V  [jvm.dll+0x7c35f2]
V  [jvm.dll+0x7c355a]
V  [jvm.dll+0x46cb9d]
V  [jvm.dll+0x47f4c6]
C  [java.dll+0x1657]

Java frames: (J=compiled Java code, j=interpreted, Vv=VM code)
j  java.lang.ClassLoader.defineClass0(Ljava/lang/ClassLoader;Ljava/lang/Class;Ljava/lang/String;[BIILjava/security/ProtectionDomain;ZILjava/lang/Object;)Ljava/lang/Class;+0 java.base@20
j  java.lang.System$2.defineClass(Ljava/lang/ClassLoader;Ljava/lang/Class;Ljava/lang/String;[BLjava/security/ProtectionDomain;ZILjava/lang/Object;)Ljava/lang/Class;+17 java.base@20
j  java.lang.invoke.MethodHandles$Lookup$ClassDefiner.defineClass(ZLjava/lang/Object;)Ljava/lang/Class;+54 java.base@20
j  java.lang.invoke.InvokerBytecodeGenerator.loadMethod([B)Ljava/lang/invoke/MemberName;+19 java.base@20
j  java.lang.invoke.InvokerBytecodeGenerator.generateCustomizedCode(Ljava/lang/invoke/LambdaForm;Ljava/lang/invoke/MethodType;)Ljava/lang/invoke/MemberName;+30 java.base@20
j  java.lang.invoke.LambdaForm.compileToBytecode()V+69 java.base@20
j  java.lang.invoke.LambdaForm.prepare()V+21 java.base@20
j  java.lang.invoke.MethodHandle.<init>(Ljava/lang/invoke/MethodType;Ljava/lang/invoke/LambdaForm;)V+33 java.base@20
j  java.lang.invoke.BoundMethodHandle.<init>(Ljava/lang/invoke/MethodType;Ljava/lang/invoke/LambdaForm;)V+3 java.base@20
j  java.lang.invoke.BoundMethodHandle$Species_LLLLL.<init>(Ljava/lang/invoke/MethodType;Ljava/lang/invoke/LambdaForm;Ljava/lang/Object;Ljava/lang/Object;Ljava/lang/Object;Ljava/lang/Object;Ljava/lang/Object;)V+3 java.base@20
j  java.lang.invoke.BoundMethodHandle$Species_LLLLL.make(Ljava/lang/invoke/MethodType;Ljava/lang/invoke/LambdaForm;Ljava/lang/Object;Ljava/lang/Object;Ljava/lang/Object;Ljava/lang/Object;Ljava/lang/Object;)Ljava/lang/invoke/BoundMethodHandle;+14 java.base@20
j  java.lang.invoke.DirectMethodHandle$Holder.invokeStatic(Ljava/lang/Object;Ljava/lang/Object;Ljava/lang/Object;Ljava/lang/Object;Ljava/lang/Object;Ljava/lang/Object;Ljava/lang/Object;Ljava/lang/Object;)Ljava/lang/Object;+22 java.base@20
j  java.lang.invoke.BoundMethodHandle$Species_LLLL.copyWithExtendL(Ljava/lang/invoke/MethodType;Ljava/lang/invoke/LambdaForm;Ljava/lang/Object;)Ljava/lang/invoke/BoundMethodHandle;+26 java.base@20
j  java.lang.invoke.MethodHandles.filterRepeatedArgument(Ljava/lang/invoke/MethodHandle;Ljava/lang/invoke/MethodHandle;[I)Ljava/lang/invoke/MethodHandle;+112 java.base@20
j  java.lang.invoke.MethodHandles.filterArguments(Ljava/lang/invoke/MethodHandle;I[Ljava/lang/invoke/MethodHandle;)Ljava/lang/invoke/MethodHandle;+154 java.base@20
j  java.lang.invoke.StringConcatFactory.generateMHInlineCopy(Ljava/lang/invoke/MethodType;[Ljava/lang/String;)Ljava/lang/invoke/MethodHandle;+473 java.base@20
j  java.lang.invoke.StringConcatFactory.makeConcatWithConstants(Ljava/lang/invoke/MethodHandles$Lookup;Ljava/lang/String;Ljava/lang/invoke/MethodType;Ljava/lang/String;[Ljava/lang/Object;)Ljava/lang/invoke/CallSite;+220 java.base@20
j  java.lang.invoke.DirectMethodHandle$Holder.invokeStatic(Ljava/lang/Object;Ljava/lang/Object;Ljava/lang/Object;Ljava/lang/Object;Ljava/lang/Object;Ljava/lang/Object;)Ljava/lang/Object;+18 java.base@20
j  java.lang.invoke.DelegatingMethodHandle$Holder.delegate(Ljava/lang/Object;Ljava/lang/Object;Ljava/lang/Object;Ljava/lang/Object;Ljava/lang/Object;Ljava/lang/Object;)Ljava/lang/Object;+21 java.base@20
j  java.lang.invoke.Invokers$Holder.invokeExact_MT(Ljava/lang/Object;Ljava/lang/Object;Ljava/lang/Object;Ljava/lang/Object;Ljava/lang/Object;Ljava/lang/Object;Ljava/lang/Object;)Ljava/lang/Object;+26 java.base@20
j  java.lang.invoke.BootstrapMethodInvoker.invoke(Ljava/lang/Class;Ljava/lang/invoke/MethodHandle;Ljava/lang/String;Ljava/lang/Object;Ljava/lang/Object;Ljava/lang/Class;)Ljava/lang/Object;+157 java.base@20
j  java.lang.invoke.CallSite.makeSite(Ljava/lang/invoke/MethodHandle;Ljava/lang/String;Ljava/lang/invoke/MethodType;Ljava/lang/Object;Ljava/lang/Class;)Ljava/lang/invoke/CallSite;+8 java.base@20
j  java.lang.invoke.MethodHandleNatives.linkCallSiteImpl(Ljava/lang/Class;Ljava/lang/invoke/MethodHandle;Ljava/lang/String;Ljava/lang/invoke/MethodType;Ljava/lang/Object;[Ljava/lang/Object;)Ljava/lang/invoke/MemberName;+6 java.base@20
j  java.lang.invoke.MethodHandleNatives.linkCallSite(Ljava/lang/Object;Ljava/lang/Object;Ljava/lang/Object;Ljava/lang/Object;Ljava/lang/Object;[Ljava/lang/Object;)Ljava/lang/invoke/MemberName;+45 java.base@20
v  ~StubRoutines::call_stub 0x00000265dcb6100d
j  java.awt.Toolkit$1.run()Ljava/lang/String;+13 java.desktop@20
j  java.awt.Toolkit$1.run()Ljava/lang/Object;+1 java.desktop@20
j  java.security.AccessController.executePrivileged(Ljava/security/PrivilegedAction;Ljava/security/AccessControlContext;Ljava/lang/Class;)Ljava/lang/Object;+29 java.base@20
j  java.security.AccessController.doPrivileged(Ljava/security/PrivilegedAction;)Ljava/lang/Object;+5 java.base@20
j  java.awt.Toolkit.initAssistiveTechnologies()V+21 java.desktop@20
j  java.awt.Toolkit.initStatic()V+24 java.desktop@20
j  java.awt.Toolkit.<clinit>()V+20 java.desktop@20
v  ~StubRoutines::call_stub 0x00000265dcb6100d
j  java.awt.Component.<clinit>()V+93 java.desktop@20
v  ~StubRoutines::call_stub 0x00000265dcb6100d

---------------  P R O C E S S  ---------------

Threads class SMR info:
_java_thread_list=0x00000265f0e5d3a0, length=14, elements={
0x00000265cbdc2b00, 0x00000265ec8291a0, 0x00000265ec829fa0, 0x00000265ec82d610,
0x00000265ec832070, 0x00000265ec833150, 0x00000265ec834360, 0x00000265ec843790,
0x00000265ec866440, 0x00000265f0cca480, 0x00000265f0e56ef0, 0x00000265f0e19bc0,
0x00000265f0e1a120, 0x00000265f0e18e20
}

Java Threads: ( => current thread )
=>0x00000265cbdc2b00 JavaThread "main" [_thread_in_vm, id=38844, stack(0x000000d829800000,0x000000d829900000)]
  0x00000265ec8291a0 JavaThread "Reference Handler" daemon [_thread_blocked, id=34588, stack(0x000000d829f00000,0x000000d82a000000)]
  0x00000265ec829fa0 JavaThread "Finalizer" daemon [_thread_blocked, id=17640, stack(0x000000d82a000000,0x000000d82a100000)]
  0x00000265ec82d610 JavaThread "Signal Dispatcher" daemon [_thread_blocked, id=33020, stack(0x000000d82a100000,0x000000d82a200000)]
  0x00000265ec832070 JavaThread "Attach Listener" daemon [_thread_blocked, id=43584, stack(0x000000d82a200000,0x000000d82a300000)]
  0x00000265ec833150 JavaThread "Service Thread" daemon [_thread_blocked, id=14952, stack(0x000000d82a300000,0x000000d82a400000)]
  0x00000265ec834360 JavaThread "Monitor Deflation Thread" daemon [_thread_blocked, id=44464, stack(0x000000d82a400000,0x000000d82a500000)]
  0x00000265ec843790 JavaThread "C2 CompilerThread0" daemon [_thread_blocked, id=40640, stack(0x000000d82a500000,0x000000d82a600000)]
  0x00000265ec866440 JavaThread "C1 CompilerThread0" daemon [_thread_in_native, id=44748, stack(0x000000d82a600000,0x000000d82a700000)]
  0x00000265f0cca480 JavaThread "Common-Cleaner" daemon [_thread_blocked, id=44480, stack(0x000000d82a700000,0x000000d82a800000)]
  0x00000265f0e56ef0 JavaThread "JDWP Transport Listener: dt_shmem" daemon [_thread_blocked, id=44840, stack(0x000000d82a800000,0x000000d82a900000)]
  0x00000265f0e19bc0 JavaThread "JDWP Event Helper Thread" daemon [_thread_blocked, id=44164, stack(0x000000d82a900000,0x000000d82aa00000)]
  0x00000265f0e1a120 JavaThread "JDWP Command Reader" daemon [_thread_in_native, id=40736, stack(0x000000d82aa00000,0x000000d82ab00000)]
  0x00000265f0e18e20 JavaThread "Notification Thread" daemon [_thread_blocked, id=44504, stack(0x000000d82ab00000,0x000000d82ac00000)]

Other Threads:
  0x00000265ec80a1d0 VMThread "VM Thread" [stack: 0x000000d829e00000,0x000000d829f00000] [id=45148]
  0x00000265f0e19580 WatcherThread "VM Periodic Task Thread" [stack: 0x000000d82ac00000,0x000000d82ad00000] [id=39760]
  0x00000265cbe28ab0 WorkerThread "GC Thread#0" [stack: 0x000000d829900000,0x000000d829a00000] [id=41564]
  0x00000265cbe37aa0 ConcurrentGCThread "G1 Main Marker" [stack: 0x000000d829a00000,0x000000d829b00000] [id=44080]
  0x00000265cbe384d0 WorkerThread "G1 Conc#0" [stack: 0x000000d829b00000,0x000000d829c00000] [id=37504]
  0x00000265cbe6e400 ConcurrentGCThread "G1 Refine#0" [stack: 0x000000d829c00000,0x000000d829d00000] [id=43788]
  0x00000265ec6ccd20 ConcurrentGCThread "G1 Service" [stack: 0x000000d829d00000,0x000000d829e00000] [id=44348]

Threads with active compile tasks:
C1 CompilerThread0      973  306       3       jdk.internal.org.objectweb.asm.Frame::execute (2305 bytes)

VM state: not at safepoint (normal execution)

VM Mutex/Monitor currently owned by a thread: None

Heap address: 0x0000000720c00000, size: 3572 MB, Compressed Oops mode: Zero based, Oop shift amount: 3

CDS archive(s) mapped at: [0x0000000800000000-0x0000000800c60000-0x0000000800c60000), size 12976128, SharedBaseAddress: 0x0000000800000000, ArchiveRelocationMode: 0.
Compressed class space mapped at: 0x0000000801000000-0x0000000841000000, reserved size: 1073741824
Narrow klass base: 0x0000000800000000, Narrow klass shift: 0, Narrow klass range: 0x100000000

GC Precious Log:
 CardTable entry size: 512
 Card Set container configuration: InlinePtr #cards 4 size 8 Array Of Cards #cards 16 size 48 Howl #buckets 8 coarsen threshold 3686 Howl Bitmap #cards 512 size 80 coarsen threshold 460 Card regions per heap region 1 cards per card region 4096
 CPUs: 8 total, 8 available
 Memory: 14283M
 Large Page Support: Disabled
 NUMA Support: Disabled
 Compressed Oops: Enabled (Zero based)
 Heap Region Size: 2M
 Heap Min Capacity: 8M
 Heap Initial Capacity: 224M
 Heap Max Capacity: 3572M
 Pre-touch: Disabled
 Parallel Workers: 8
 Concurrent Workers: 2
 Concurrent Refinement Workers: 8
 Periodic GC: Disabled

Heap:
 garbage-first heap   total 229376K, used 2048K [0x0000000720c00000, 0x0000000800000000)
  region size 2048K, 2 young (4096K), 0 survivors (0K)
 Metaspace       used 1236K, committed 1344K, reserved 1114112K
  class space    used 115K, committed 192K, reserved 1048576K

Heap Regions: E=young(eden), S=young(survivor), O=old, HS=humongous(starts), HC=humongous(continues), CS=collection set, F=free, OA=open archive, CA=closed archive, TAMS=top-at-mark-start, PB=parsable bottom
|   0|0x0000000720c00000, 0x0000000720c00000, 0x0000000720e00000|  0%| F|  |TAMS 0x0000000720c00000| PB 0x0000000720c00000| Untracked 
|   1|0x0000000720e00000, 0x0000000720e00000, 0x0000000721000000|  0%| F|  |TAMS 0x0000000720e00000| PB 0x0000000720e00000| Untracked 
|   2|0x0000000721000000, 0x0000000721000000, 0x0000000721200000|  0%| F|  |TAMS 0x0000000721000000| PB 0x0000000721000000| Untracked 
|   3|0x0000000721200000, 0x0000000721200000, 0x0000000721400000|  0%| F|  |TAMS 0x0000000721200000| PB 0x0000000721200000| Untracked 
|   4|0x0000000721400000, 0x0000000721400000, 0x0000000721600000|  0%| F|  |TAMS 0x0000000721400000| PB 0x0000000721400000| Untracked 
|   5|0x0000000721600000, 0x0000000721600000, 0x0000000721800000|  0%| F|  |TAMS 0x0000000721600000| PB 0x0000000721600000| Untracked 
|   6|0x0000000721800000, 0x0000000721800000, 0x0000000721a00000|  0%| F|  |TAMS 0x0000000721800000| PB 0x0000000721800000| Untracked 
|   7|0x0000000721a00000, 0x0000000721a00000, 0x0000000721c00000|  0%| F|  |TAMS 0x0000000721a00000| PB 0x0000000721a00000| Untracked 
|   8|0x0000000721c00000, 0x0000000721c00000, 0x0000000721e00000|  0%| F|  |TAMS 0x0000000721c00000| PB 0x0000000721c00000| Untracked 
|   9|0x0000000721e00000, 0x0000000721e00000, 0x0000000722000000|  0%| F|  |TAMS 0x0000000721e00000| PB 0x0000000721e00000| Untracked 
|  10|0x0000000722000000, 0x0000000722000000, 0x0000000722200000|  0%| F|  |TAMS 0x0000000722000000| PB 0x0000000722000000| Untracked 
|  11|0x0000000722200000, 0x0000000722200000, 0x0000000722400000|  0%| F|  |TAMS 0x0000000722200000| PB 0x0000000722200000| Untracked 
|  12|0x0000000722400000, 0x0000000722400000, 0x0000000722600000|  0%| F|  |TAMS 0x0000000722400000| PB 0x0000000722400000| Untracked 
|  13|0x0000000722600000, 0x0000000722600000, 0x0000000722800000|  0%| F|  |TAMS 0x0000000722600000| PB 0x0000000722600000| Untracked 
|  14|0x0000000722800000, 0x0000000722800000, 0x0000000722a00000|  0%| F|  |TAMS 0x0000000722800000| PB 0x0000000722800000| Untracked 
|  15|0x0000000722a00000, 0x0000000722a00000, 0x0000000722c00000|  0%| F|  |TAMS 0x0000000722a00000| PB 0x0000000722a00000| Untracked 
|  16|0x0000000722c00000, 0x0000000722c00000, 0x0000000722e00000|  0%| F|  |TAMS 0x0000000722c00000| PB 0x0000000722c00000| Untracked 
|  17|0x0000000722e00000, 0x0000000722e00000, 0x0000000723000000|  0%| F|  |TAMS 0x0000000722e00000| PB 0x0000000722e00000| Untracked 
|  18|0x0000000723000000, 0x0000000723000000, 0x0000000723200000|  0%| F|  |TAMS 0x0000000723000000| PB 0x0000000723000000| Untracked 
|  19|0x0000000723200000, 0x0000000723200000, 0x0000000723400000|  0%| F|  |TAMS 0x0000000723200000| PB 0x0000000723200000| Untracked 
|  20|0x0000000723400000, 0x0000000723400000, 0x0000000723600000|  0%| F|  |TAMS 0x0000000723400000| PB 0x0000000723400000| Untracked 
|  21|0x0000000723600000, 0x0000000723600000, 0x0000000723800000|  0%| F|  |TAMS 0x0000000723600000| PB 0x0000000723600000| Untracked 
|  22|0x0000000723800000, 0x0000000723800000, 0x0000000723a00000|  0%| F|  |TAMS 0x0000000723800000| PB 0x0000000723800000| Untracked 
|  23|0x0000000723a00000, 0x0000000723a00000, 0x0000000723c00000|  0%| F|  |TAMS 0x0000000723a00000| PB 0x0000000723a00000| Untracked 
|  24|0x0000000723c00000, 0x0000000723c00000, 0x0000000723e00000|  0%| F|  |TAMS 0x0000000723c00000| PB 0x0000000723c00000| Untracked 
|  25|0x0000000723e00000, 0x0000000723e00000, 0x0000000724000000|  0%| F|  |TAMS 0x0000000723e00000| PB 0x0000000723e00000| Untracked 
|  26|0x0000000724000000, 0x0000000724000000, 0x0000000724200000|  0%| F|  |TAMS 0x0000000724000000| PB 0x0000000724000000| Untracked 
|  27|0x0000000724200000, 0x0000000724200000, 0x0000000724400000|  0%| F|  |TAMS 0x0000000724200000| PB 0x0000000724200000| Untracked 
|  28|0x0000000724400000, 0x0000000724400000, 0x0000000724600000|  0%| F|  |TAMS 0x0000000724400000| PB 0x0000000724400000| Untracked 
|  29|0x0000000724600000, 0x0000000724600000, 0x0000000724800000|  0%| F|  |TAMS 0x0000000724600000| PB 0x0000000724600000| Untracked 
|  30|0x0000000724800000, 0x0000000724800000, 0x0000000724a00000|  0%| F|  |TAMS 0x0000000724800000| PB 0x0000000724800000| Untracked 
|  31|0x0000000724a00000, 0x0000000724a00000, 0x0000000724c00000|  0%| F|  |TAMS 0x0000000724a00000| PB 0x0000000724a00000| Untracked 
|  32|0x0000000724c00000, 0x0000000724c00000, 0x0000000724e00000|  0%| F|  |TAMS 0x0000000724c00000| PB 0x0000000724c00000| Untracked 
|  33|0x0000000724e00000, 0x0000000724e00000, 0x0000000725000000|  0%| F|  |TAMS 0x0000000724e00000| PB 0x0000000724e00000| Untracked 
|  34|0x0000000725000000, 0x0000000725000000, 0x0000000725200000|  0%| F|  |TAMS 0x0000000725000000| PB 0x0000000725000000| Untracked 
|  35|0x0000000725200000, 0x0000000725200000, 0x0000000725400000|  0%| F|  |TAMS 0x0000000725200000| PB 0x0000000725200000| Untracked 
|  36|0x0000000725400000, 0x0000000725400000, 0x0000000725600000|  0%| F|  |TAMS 0x0000000725400000| PB 0x0000000725400000| Untracked 
|  37|0x0000000725600000, 0x0000000725600000, 0x0000000725800000|  0%| F|  |TAMS 0x0000000725600000| PB 0x0000000725600000| Untracked 
|  38|0x0000000725800000, 0x0000000725800000, 0x0000000725a00000|  0%| F|  |TAMS 0x0000000725800000| PB 0x0000000725800000| Untracked 
|  39|0x0000000725a00000, 0x0000000725a00000, 0x0000000725c00000|  0%| F|  |TAMS 0x0000000725a00000| PB 0x0000000725a00000| Untracked 
|  40|0x0000000725c00000, 0x0000000725c00000, 0x0000000725e00000|  0%| F|  |TAMS 0x0000000725c00000| PB 0x0000000725c00000| Untracked 
|  41|0x0000000725e00000, 0x0000000725e00000, 0x0000000726000000|  0%| F|  |TAMS 0x0000000725e00000| PB 0x0000000725e00000| Untracked 
|  42|0x0000000726000000, 0x0000000726000000, 0x0000000726200000|  0%| F|  |TAMS 0x0000000726000000| PB 0x0000000726000000| Untracked 
|  43|0x0000000726200000, 0x0000000726200000, 0x0000000726400000|  0%| F|  |TAMS 0x0000000726200000| PB 0x0000000726200000| Untracked 
|  44|0x0000000726400000, 0x0000000726400000, 0x0000000726600000|  0%| F|  |TAMS 0x0000000726400000| PB 0x0000000726400000| Untracked 
|  45|0x0000000726600000, 0x0000000726600000, 0x0000000726800000|  0%| F|  |TAMS 0x0000000726600000| PB 0x0000000726600000| Untracked 
|  46|0x0000000726800000, 0x0000000726800000, 0x0000000726a00000|  0%| F|  |TAMS 0x0000000726800000| PB 0x0000000726800000| Untracked 
|  47|0x0000000726a00000, 0x0000000726a00000, 0x0000000726c00000|  0%| F|  |TAMS 0x0000000726a00000| PB 0x0000000726a00000| Untracked 
|  48|0x0000000726c00000, 0x0000000726c00000, 0x0000000726e00000|  0%| F|  |TAMS 0x0000000726c00000| PB 0x0000000726c00000| Untracked 
|  49|0x0000000726e00000, 0x0000000726e00000, 0x0000000727000000|  0%| F|  |TAMS 0x0000000726e00000| PB 0x0000000726e00000| Untracked 
|  50|0x0000000727000000, 0x0000000727000000, 0x0000000727200000|  0%| F|  |TAMS 0x0000000727000000| PB 0x0000000727000000| Untracked 
|  51|0x0000000727200000, 0x0000000727200000, 0x0000000727400000|  0%| F|  |TAMS 0x0000000727200000| PB 0x0000000727200000| Untracked 
|  52|0x0000000727400000, 0x0000000727400000, 0x0000000727600000|  0%| F|  |TAMS 0x0000000727400000| PB 0x0000000727400000| Untracked 
|  53|0x0000000727600000, 0x0000000727600000, 0x0000000727800000|  0%| F|  |TAMS 0x0000000727600000| PB 0x0000000727600000| Untracked 
|  54|0x0000000727800000, 0x0000000727800000, 0x0000000727a00000|  0%| F|  |TAMS 0x0000000727800000| PB 0x0000000727800000| Untracked 
|  55|0x0000000727a00000, 0x0000000727a00000, 0x0000000727c00000|  0%| F|  |TAMS 0x0000000727a00000| PB 0x0000000727a00000| Untracked 
|  56|0x0000000727c00000, 0x0000000727c00000, 0x0000000727e00000|  0%| F|  |TAMS 0x0000000727c00000| PB 0x0000000727c00000| Untracked 
|  57|0x0000000727e00000, 0x0000000727e00000, 0x0000000728000000|  0%| F|  |TAMS 0x0000000727e00000| PB 0x0000000727e00000| Untracked 
|  58|0x0000000728000000, 0x0000000728000000, 0x0000000728200000|  0%| F|  |TAMS 0x0000000728000000| PB 0x0000000728000000| Untracked 
|  59|0x0000000728200000, 0x0000000728200000, 0x0000000728400000|  0%| F|  |TAMS 0x0000000728200000| PB 0x0000000728200000| Untracked 
|  60|0x0000000728400000, 0x0000000728400000, 0x0000000728600000|  0%| F|  |TAMS 0x0000000728400000| PB 0x0000000728400000| Untracked 
|  61|0x0000000728600000, 0x0000000728600000, 0x0000000728800000|  0%| F|  |TAMS 0x0000000728600000| PB 0x0000000728600000| Untracked 
|  62|0x0000000728800000, 0x0000000728800000, 0x0000000728a00000|  0%| F|  |TAMS 0x0000000728800000| PB 0x0000000728800000| Untracked 
|  63|0x0000000728a00000, 0x0000000728a00000, 0x0000000728c00000|  0%| F|  |TAMS 0x0000000728a00000| PB 0x0000000728a00000| Untracked 
|  64|0x0000000728c00000, 0x0000000728c00000, 0x0000000728e00000|  0%| F|  |TAMS 0x0000000728c00000| PB 0x0000000728c00000| Untracked 
|  65|0x0000000728e00000, 0x0000000728e00000, 0x0000000729000000|  0%| F|  |TAMS 0x0000000728e00000| PB 0x0000000728e00000| Untracked 
|  66|0x0000000729000000, 0x0000000729000000, 0x0000000729200000|  0%| F|  |TAMS 0x0000000729000000| PB 0x0000000729000000| Untracked 
|  67|0x0000000729200000, 0x0000000729200000, 0x0000000729400000|  0%| F|  |TAMS 0x0000000729200000| PB 0x0000000729200000| Untracked 
|  68|0x0000000729400000, 0x0000000729400000, 0x0000000729600000|  0%| F|  |TAMS 0x0000000729400000| PB 0x0000000729400000| Untracked 
|  69|0x0000000729600000, 0x0000000729600000, 0x0000000729800000|  0%| F|  |TAMS 0x0000000729600000| PB 0x0000000729600000| Untracked 
|  70|0x0000000729800000, 0x0000000729800000, 0x0000000729a00000|  0%| F|  |TAMS 0x0000000729800000| PB 0x0000000729800000| Untracked 
|  71|0x0000000729a00000, 0x0000000729a00000, 0x0000000729c00000|  0%| F|  |TAMS 0x0000000729a00000| PB 0x0000000729a00000| Untracked 
|  72|0x0000000729c00000, 0x0000000729c00000, 0x0000000729e00000|  0%| F|  |TAMS 0x0000000729c00000| PB 0x0000000729c00000| Untracked 
|  73|0x0000000729e00000, 0x0000000729e00000, 0x000000072a000000|  0%| F|  |TAMS 0x0000000729e00000| PB 0x0000000729e00000| Untracked 
|  74|0x000000072a000000, 0x000000072a000000, 0x000000072a200000|  0%| F|  |TAMS 0x000000072a000000| PB 0x000000072a000000| Untracked 
|  75|0x000000072a200000, 0x000000072a200000, 0x000000072a400000|  0%| F|  |TAMS 0x000000072a200000| PB 0x000000072a200000| Untracked 
|  76|0x000000072a400000, 0x000000072a400000, 0x000000072a600000|  0%| F|  |TAMS 0x000000072a400000| PB 0x000000072a400000| Untracked 
|  77|0x000000072a600000, 0x000000072a600000, 0x000000072a800000|  0%| F|  |TAMS 0x000000072a600000| PB 0x000000072a600000| Untracked 
|  78|0x000000072a800000, 0x000000072a800000, 0x000000072aa00000|  0%| F|  |TAMS 0x000000072a800000| PB 0x000000072a800000| Untracked 
|  79|0x000000072aa00000, 0x000000072aa00000, 0x000000072ac00000|  0%| F|  |TAMS 0x000000072aa00000| PB 0x000000072aa00000| Untracked 
|  80|0x000000072ac00000, 0x000000072ac00000, 0x000000072ae00000|  0%| F|  |TAMS 0x000000072ac00000| PB 0x000000072ac00000| Untracked 
|  81|0x000000072ae00000, 0x000000072ae00000, 0x000000072b000000|  0%| F|  |TAMS 0x000000072ae00000| PB 0x000000072ae00000| Untracked 
|  82|0x000000072b000000, 0x000000072b000000, 0x000000072b200000|  0%| F|  |TAMS 0x000000072b000000| PB 0x000000072b000000| Untracked 
|  83|0x000000072b200000, 0x000000072b200000, 0x000000072b400000|  0%| F|  |TAMS 0x000000072b200000| PB 0x000000072b200000| Untracked 
|  84|0x000000072b400000, 0x000000072b400000, 0x000000072b600000|  0%| F|  |TAMS 0x000000072b400000| PB 0x000000072b400000| Untracked 
|  85|0x000000072b600000, 0x000000072b600000, 0x000000072b800000|  0%| F|  |TAMS 0x000000072b600000| PB 0x000000072b600000| Untracked 
|  86|0x000000072b800000, 0x000000072b800000, 0x000000072ba00000|  0%| F|  |TAMS 0x000000072b800000| PB 0x000000072b800000| Untracked 
|  87|0x000000072ba00000, 0x000000072ba00000, 0x000000072bc00000|  0%| F|  |TAMS 0x000000072ba00000| PB 0x000000072ba00000| Untracked 
|  88|0x000000072bc00000, 0x000000072bc00000, 0x000000072be00000|  0%| F|  |TAMS 0x000000072bc00000| PB 0x000000072bc00000| Untracked 
|  89|0x000000072be00000, 0x000000072be00000, 0x000000072c000000|  0%| F|  |TAMS 0x000000072be00000| PB 0x000000072be00000| Untracked 
|  90|0x000000072c000000, 0x000000072c000000, 0x000000072c200000|  0%| F|  |TAMS 0x000000072c000000| PB 0x000000072c000000| Untracked 
|  91|0x000000072c200000, 0x000000072c200000, 0x000000072c400000|  0%| F|  |TAMS 0x000000072c200000| PB 0x000000072c200000| Untracked 
|  92|0x000000072c400000, 0x000000072c400000, 0x000000072c600000|  0%| F|  |TAMS 0x000000072c400000| PB 0x000000072c400000| Untracked 
|  93|0x000000072c600000, 0x000000072c600000, 0x000000072c800000|  0%| F|  |TAMS 0x000000072c600000| PB 0x000000072c600000| Untracked 
|  94|0x000000072c800000, 0x000000072c800000, 0x000000072ca00000|  0%| F|  |TAMS 0x000000072c800000| PB 0x000000072c800000| Untracked 
|  95|0x000000072ca00000, 0x000000072ca00000, 0x000000072cc00000|  0%| F|  |TAMS 0x000000072ca00000| PB 0x000000072ca00000| Untracked 
|  96|0x000000072cc00000, 0x000000072cc00000, 0x000000072ce00000|  0%| F|  |TAMS 0x000000072cc00000| PB 0x000000072cc00000| Untracked 
|  97|0x000000072ce00000, 0x000000072ce00000, 0x000000072d000000|  0%| F|  |TAMS 0x000000072ce00000| PB 0x000000072ce00000| Untracked 
|  98|0x000000072d000000, 0x000000072d000000, 0x000000072d200000|  0%| F|  |TAMS 0x000000072d000000| PB 0x000000072d000000| Untracked 
|  99|0x000000072d200000, 0x000000072d200000, 0x000000072d400000|  0%| F|  |TAMS 0x000000072d200000| PB 0x000000072d200000| Untracked 
| 100|0x000000072d400000, 0x000000072d400000, 0x000000072d600000|  0%| F|  |TAMS 0x000000072d400000| PB 0x000000072d400000| Untracked 
| 101|0x000000072d600000, 0x000000072d600000, 0x000000072d800000|  0%| F|  |TAMS 0x000000072d600000| PB 0x000000072d600000| Untracked 
| 102|0x000000072d800000, 0x000000072d800000, 0x000000072da00000|  0%| F|  |TAMS 0x000000072d800000| PB 0x000000072d800000| Untracked 
| 103|0x000000072da00000, 0x000000072da00000, 0x000000072dc00000|  0%| F|  |TAMS 0x000000072da00000| PB 0x000000072da00000| Untracked 
| 104|0x000000072dc00000, 0x000000072dc00000, 0x000000072de00000|  0%| F|  |TAMS 0x000000072dc00000| PB 0x000000072dc00000| Untracked 
| 105|0x000000072de00000, 0x000000072de00000, 0x000000072e000000|  0%| F|  |TAMS 0x000000072de00000| PB 0x000000072de00000| Untracked 
| 106|0x000000072e000000, 0x000000072e000000, 0x000000072e200000|  0%| F|  |TAMS 0x000000072e000000| PB 0x000000072e000000| Untracked 
| 107|0x000000072e200000, 0x000000072e200000, 0x000000072e400000|  0%| F|  |TAMS 0x000000072e200000| PB 0x000000072e200000| Untracked 
| 108|0x000000072e400000, 0x000000072e400000, 0x000000072e600000|  0%| F|  |TAMS 0x000000072e400000| PB 0x000000072e400000| Untracked 
| 109|0x000000072e600000, 0x000000072e600000, 0x000000072e800000|  0%| F|  |TAMS 0x000000072e600000| PB 0x000000072e600000| Untracked 
| 110|0x000000072e800000, 0x000000072ea00000, 0x000000072ea00000|100%| E|  |TAMS 0x000000072e800000| PB 0x000000072e800000| Complete 
| 111|0x000000072ea00000, 0x000000072ec00000, 0x000000072ec00000|100%| E|CS|TAMS 0x000000072ea00000| PB 0x000000072ea00000| Complete 

Card table byte_map: [0x00000265e57a0000,0x00000265e5ea0000] _byte_map_base: 0x00000265e1e9a000

Marking Bits: (CMBitMap*) 0x00000265cbe290e0
 Bits: [0x00000265e65a0000, 0x00000265e9d70000)

Polling page: 0x00000265cbe70000

Metaspace:

Usage:
  Non-class:      1.09 MB used.
      Class:    115.80 KB used.
       Both:      1.21 MB used.

Virtual space:
  Non-class space:       64.00 MB reserved,       1.12 MB (  2%) committed,  1 nodes.
      Class space:        1.00 GB reserved,     192.00 KB ( <1%) committed,  1 nodes.
             Both:        1.06 GB reserved,       1.31 MB ( <1%) committed. 

Chunk freelists:
   Non-Class:  3.95 MB
       Class:  3.72 MB
        Both:  7.67 MB

MaxMetaspaceSize: unlimited
CompressedClassSpaceSize: 1.00 GB
Initial GC threshold: 21.00 MB
Current GC threshold: 21.00 MB
CDS: on
MetaspaceReclaimPolicy: balanced
 - commit_granule_bytes: 65536.
 - commit_granule_words: 8192.
 - virtual_space_node_default_size: 8388608.
 - enlarge_chunks_in_place: 1.
 - new_chunks_are_fully_committed: 0.
 - uncommit_free_chunks: 1.
 - use_allocation_guard: 0.


Internal statistics:

num_allocs_failed_limit: 0.
num_arena_births: 36.
num_arena_deaths: 0.
num_vsnodes_births: 2.
num_vsnodes_deaths: 0.
num_space_committed: 21.
num_space_uncommitted: 0.
num_chunks_returned_to_freelist: 0.
num_chunks_taken_from_freelist: 39.
num_chunk_merges: 0.
num_chunk_splits: 26.
num_chunks_enlarged: 16.
num_inconsistent_stats: 0.

CodeHeap 'non-profiled nmethods': size=120000Kb used=104Kb max_used=104Kb free=119896Kb
 bounds [0x00000265dd100000, 0x00000265dd370000, 0x00000265e4630000]
CodeHeap 'profiled nmethods': size=120000Kb used=335Kb max_used=335Kb free=119664Kb
 bounds [0x00000265d5630000, 0x00000265d58a0000, 0x00000265dcb60000]
CodeHeap 'non-nmethods': size=5760Kb used=1413Kb max_used=1423Kb free=4346Kb
 bounds [0x00000265dcb60000, 0x00000265dcdd0000, 0x00000265dd100000]
 total_blobs=710 nmethods=308 adapters=313
 compilation: enabled
              stopped_count=0, restarted_count=0
 full_count=0

Compilation events (20 events):
Event: 0.506 Thread 0x00000265ec866440 nmethod 290 0x00000265dd118110 code [0x00000265dd118280, 0x00000265dd118350]
Event: 0.506 Thread 0x00000265ec866440  292       3       java.lang.invoke.LambdaForm::argument (27 bytes)
Event: 0.507 Thread 0x00000265ec866440 nmethod 292 0x00000265d5680710 code [0x00000265d56808c0, 0x00000265d5680b40]
Event: 0.507 Thread 0x00000265ec866440  293       3       java.lang.invoke.LambdaForm$BasicType::basicType (8 bytes)
Event: 0.507 Thread 0x00000265ec866440 nmethod 293 0x00000265d5680c90 code [0x00000265d5680e40, 0x00000265d5681088]
Event: 0.507 Thread 0x00000265ec866440  294       3       sun.invoke.util.Wrapper::basicTypeChar (18 bytes)
Event: 0.507 Thread 0x00000265ec866440 nmethod 294 0x00000265d5681210 code [0x00000265d56813c0, 0x00000265d56815a8]
Event: 0.508 Thread 0x00000265ec866440  298       3       java.lang.String::substring (58 bytes)
Event: 0.508 Thread 0x00000265ec866440 nmethod 298 0x00000265d5681690 code [0x00000265d56818a0, 0x00000265d5681ee0]
Event: 0.508 Thread 0x00000265ec866440  297       3       java.lang.String::<init> (99 bytes)
Event: 0.509 Thread 0x00000265ec866440 nmethod 297 0x00000265d5682190 code [0x00000265d5682380, 0x00000265d5682958]
Event: 0.510 Thread 0x00000265ec866440  299       3       jdk.internal.util.ArraysSupport::newLength (27 bytes)
Event: 0.511 Thread 0x00000265ec866440 nmethod 299 0x00000265d5682b10 code [0x00000265d5682cc0, 0x00000265d5682f40]
Event: 0.511 Thread 0x00000265ec866440  301       3       java.lang.ref.WeakReference::<init> (7 bytes)
Event: 0.511 Thread 0x00000265ec866440 nmethod 301 0x00000265d5683010 code [0x00000265d56831c0, 0x00000265d56834b0]
Event: 0.511 Thread 0x00000265ec866440  302       3       java.util.ImmutableCollections$List12::get (35 bytes)
Event: 0.511 Thread 0x00000265ec866440 nmethod 302 0x00000265d5683590 code [0x00000265d5683740, 0x00000265d5683a10]
Event: 0.511 Thread 0x00000265ec866440  304       3       java.lang.invoke.LambdaForm::forceInterpretation (14 bytes)
Event: 0.511 Thread 0x00000265ec866440 nmethod 304 0x00000265d5683b10 code [0x00000265d5683ca0, 0x00000265d5683e10]
Event: 0.511 Thread 0x00000265ec866440  306       3       jdk.internal.org.objectweb.asm.Frame::execute (2305 bytes)

GC Heap History (0 events):
No events

Dll operation events (7 events):
Event: 0.033 Loaded shared library C:\Program Files\Java\jdk-20\bin\java.dll
Event: 0.065 Loaded shared library C:\Program Files\Java\jdk-20\bin\jsvml.dll
Event: 0.205 Loaded shared library C:\Program Files\Java\jdk-20\bin\net.dll
Event: 0.212 Loaded shared library C:\Program Files\Java\jdk-20\bin\nio.dll
Event: 0.368 Loaded shared library C:\Program Files\Java\jdk-20\bin\zip.dll
Event: 0.408 Loaded shared library C:\Program Files\Java\jdk-20\bin\jimage.dll
Event: 0.462 Loaded shared library C:\Program Files\Java\jdk-20\bin\awt.dll

Deoptimization events (0 events):
No events

Classes loaded (20 events):
Event: 0.433 Loading class java/net/SocketPermission
Event: 0.433 Loading class java/net/SocketPermission done
Event: 0.434 Loading class java/lang/reflect/ReflectPermission
Event: 0.434 Loading class java/lang/reflect/ReflectPermission done
Event: 0.446 Loading class sun/awt/resources/awt
Event: 0.446 Loading class sun/awt/resources/awt done
Event: 0.448 Loading class java/util/ResourceBundle$BundleReference
Event: 0.448 Loading class java/util/ResourceBundle$BundleReference done
Event: 0.448 Loading class sun/awt/resources/awt_en
Event: 0.448 Loading class sun/awt/resources/awt_en done
Event: 0.449 Loading class sun/awt/resources/awt_en
Event: 0.449 Loading class sun/awt/resources/awt_en done
Event: 0.455 Loading class sun/awt/resources/awt_en_US
Event: 0.455 Loading class sun/awt/resources/awt_en_US done
Event: 0.455 Loading class sun/awt/resources/awt_en_US
Event: 0.455 Loading class sun/awt/resources/awt_en_US done
Event: 0.455 Loading class java/awt/Toolkit$2
Event: 0.455 Loading class java/awt/Toolkit$2 done
Event: 0.463 Loading class java/awt/Toolkit$1
Event: 0.463 Loading class java/awt/Toolkit$1 done

Classes unloaded (0 events):
No events

Classes redefined (0 events):
No events

Internal exceptions (4 events):
Event: 0.215 Thread 0x00000265cbdc2b00 Exception <a 'sun/nio/fs/WindowsException'{0x000000072eb9b650}> (0x000000072eb9b650) 
thrown [s\open\src\hotspot\share\prims\jni.cpp, line 519]
Event: 0.221 Thread 0x00000265cbdc2b00 Exception <a 'sun/nio/fs/WindowsException'{0x000000072eb9dc70}> (0x000000072eb9dc70) 
thrown [s\open\src\hotspot\share\prims\jni.cpp, line 519]
Event: 0.222 Thread 0x00000265cbdc2b00 Exception <a 'sun/nio/fs/WindowsException'{0x000000072eb9e788}> (0x000000072eb9e788) 
thrown [s\open\src\hotspot\share\prims\jni.cpp, line 519]
Event: 0.429 Thread 0x00000265cbdc2b00 Exception <a 'java/lang/ClassNotFoundException'{0x000000072e98f978}: sun/awt/resources/spi/awtProvider> (0x000000072e98f978) 
thrown [s\open\src\hotspot\share\classfile\systemDictionary.cpp, line 305]

VM Operations (2 events):
Event: 0.224 Executing VM operation: HandshakeAllThreads
Event: 0.224 Executing VM operation: HandshakeAllThreads done

Events (14 events):
Event: 0.066 Thread 0x00000265cbdc2b00 Thread added: 0x00000265cbdc2b00
Event: 0.116 Thread 0x00000265ec8291a0 Thread added: 0x00000265ec8291a0
Event: 0.116 Thread 0x00000265ec829fa0 Thread added: 0x00000265ec829fa0
Event: 0.117 Thread 0x00000265ec82d610 Thread added: 0x00000265ec82d610
Event: 0.117 Thread 0x00000265ec832070 Thread added: 0x00000265ec832070
Event: 0.117 Thread 0x00000265ec833150 Thread added: 0x00000265ec833150
Event: 0.118 Thread 0x00000265ec834360 Thread added: 0x00000265ec834360
Event: 0.118 Thread 0x00000265ec843790 Thread added: 0x00000265ec843790
Event: 0.118 Thread 0x00000265ec866440 Thread added: 0x00000265ec866440
Event: 0.176 Thread 0x00000265f0cca480 Thread added: 0x00000265f0cca480
Event: 0.264 Thread 0x00000265f0e56ef0 Thread added: 0x00000265f0e56ef0
Event: 0.265 Thread 0x00000265f0e19bc0 Thread added: 0x00000265f0e19bc0
Event: 0.265 Thread 0x00000265f0e1a120 Thread added: 0x00000265f0e1a120
Event: 0.348 Thread 0x00000265f0e18e20 Thread added: 0x00000265f0e18e20


Dynamic libraries:
0x00007ff6b3190000 - 0x00007ff6b31a0000 	C:\Program Files\Java\jdk-20\bin\java.exe
0x00007ffbbf0b0000 - 0x00007ffbbf2c7000 	C:\WINDOWS\SYSTEM32\ntdll.dll
0x00007ffbbecb0000 - 0x00007ffbbed74000 	C:\WINDOWS\System32\KERNEL32.DLL
0x00007ffbbc970000 - 0x00007ffbbcd17000 	C:\WINDOWS\System32\KERNELBASE.dll
0x00007ffbb6210000 - 0x00007ffbb62a7000 	C:\WINDOWS\SYSTEM32\apphelp.dll
0x00007ffbacb90000 - 0x00007ffbacba9000 	C:\Program Files\Java\jdk-20\bin\jli.dll
0x00007ffbbc5f0000 - 0x00007ffbbc701000 	C:\WINDOWS\System32\ucrtbase.dll
0x00007ffbbeb60000 - 0x00007ffbbec12000 	C:\WINDOWS\System32\ADVAPI32.dll
0x00007ffbbcde0000 - 0x00007ffbbce87000 	C:\WINDOWS\System32\msvcrt.dll
0x00007ffbbe4c0000 - 0x00007ffbbe568000 	C:\WINDOWS\System32\sechost.dll
0x00007ffbacbe0000 - 0x00007ffbacbfb000 	C:\Program Files\Java\jdk-20\bin\VCRUNTIME140.dll
0x00007ffbbc520000 - 0x00007ffbbc548000 	C:\WINDOWS\System32\bcrypt.dll
0x00007ffbbef50000 - 0x00007ffbbf065000 	C:\WINDOWS\System32\RPCRT4.dll
0x00007ffbbe9b0000 - 0x00007ffbbeb5e000 	C:\WINDOWS\System32\USER32.dll
0x00007ffbbc3d0000 - 0x00007ffbbc3f6000 	C:\WINDOWS\System32\win32u.dll
0x00007ffbbe490000 - 0x00007ffbbe4b9000 	C:\WINDOWS\System32\GDI32.dll
0x00007ffbae290000 - 0x00007ffbae523000 	C:\WINDOWS\WinSxS\amd64_microsoft.windows.common-controls_6595b64144ccf1df_6.0.22621.3527_none_270e469b73872a76\COMCTL32.dll
0x00007ffbbc400000 - 0x00007ffbbc519000 	C:\WINDOWS\System32\gdi32full.dll
0x00007ffbbc550000 - 0x00007ffbbc5ea000 	C:\WINDOWS\System32\msvcp_win.dll
0x00007ffbb23e0000 - 0x00007ffbb23ea000 	C:\WINDOWS\SYSTEM32\VERSION.dll
0x00007ffbbed90000 - 0x00007ffbbedc1000 	C:\WINDOWS\System32\IMM32.DLL
0x00007ffbb2f10000 - 0x00007ffbb2f1c000 	C:\Program Files\Java\jdk-20\bin\vcruntime140_1.dll
0x00007ffb96950000 - 0x00007ffb969de000 	C:\Program Files\Java\jdk-20\bin\msvcp140.dll
0x00007ffafa4d0000 - 0x00007ffafb167000 	C:\Program Files\Java\jdk-20\bin\server\jvm.dll
0x00007ffbb6aa0000 - 0x00007ffbb6ad4000 	C:\WINDOWS\SYSTEM32\WINMM.dll
0x00007ffbb0690000 - 0x00007ffbb0699000 	C:\WINDOWS\SYSTEM32\WSOCK32.dll
0x00007ffbbe410000 - 0x00007ffbbe481000 	C:\WINDOWS\System32\WS2_32.dll
0x00007ffbbb390000 - 0x00007ffbbb3a8000 	C:\WINDOWS\SYSTEM32\kernel.appcore.dll
0x00007ffbb05c0000 - 0x00007ffbb05ca000 	C:\Program Files\Java\jdk-20\bin\jimage.dll
0x00007ffbb9c00000 - 0x00007ffbb9e33000 	C:\WINDOWS\SYSTEM32\DBGHELP.DLL
0x00007ffbbd750000 - 0x00007ffbbdad8000 	C:\WINDOWS\System32\combase.dll
0x00007ffbbedd0000 - 0x00007ffbbeea7000 	C:\WINDOWS\System32\OLEAUT32.dll
0x00007ffbb3370000 - 0x00007ffbb33a2000 	C:\WINDOWS\SYSTEM32\dbgcore.DLL
0x00007ffbbc780000 - 0x00007ffbbc7f9000 	C:\WINDOWS\System32\bcryptPrimitives.dll
0x00007ffbac170000 - 0x00007ffbac1ac000 	C:\Program Files\Java\jdk-20\bin\jdwp.dll
0x00007ffb9e5c0000 - 0x00007ffb9e5e6000 	C:\Program Files\Java\jdk-20\bin\java.dll
0x00007ffb7d030000 - 0x00007ffb7d107000 	C:\Program Files\Java\jdk-20\bin\jsvml.dll
0x00007ffbbdbb0000 - 0x00007ffbbe40c000 	C:\WINDOWS\System32\SHELL32.dll
0x00007ffbba310000 - 0x00007ffbbac06000 	C:\WINDOWS\SYSTEM32\windows.storage.dll
0x00007ffbba1d0000 - 0x00007ffbba30e000 	C:\WINDOWS\SYSTEM32\wintypes.dll
0x00007ffbbe570000 - 0x00007ffbbe665000 	C:\WINDOWS\System32\SHCORE.dll
0x00007ffbbd220000 - 0x00007ffbbd27e000 	C:\WINDOWS\System32\shlwapi.dll
0x00007ffbbc300000 - 0x00007ffbbc321000 	C:\WINDOWS\SYSTEM32\profapi.dll
0x00007ffba48d0000 - 0x00007ffba48e3000 	C:\Program Files\Java\jdk-20\bin\net.dll
0x00007ffbb6d70000 - 0x00007ffbb6ea6000 	C:\WINDOWS\SYSTEM32\WINHTTP.dll
0x00007ffbbb860000 - 0x00007ffbbb8c9000 	C:\WINDOWS\system32\mswsock.dll
0x00007ffb98a00000 - 0x00007ffb98a16000 	C:\Program Files\Java\jdk-20\bin\nio.dll
0x00007ffbb0640000 - 0x00007ffbb064b000 	C:\Program Files\Java\jdk-20\bin\dt_shmem.dll
0x00007ffba4c00000 - 0x00007ffba4c18000 	C:\Program Files\Java\jdk-20\bin\zip.dll
0x00007ffb7ce90000 - 0x00007ffb7d021000 	C:\Program Files\Java\jdk-20\bin\awt.dll

dbghelp: loaded successfully - version: 4.0.5 - missing functions: none
symbol engine: initialized successfully - sym options: 0x614 - pdb path: .;C:\Program Files\Java\jdk-20\bin;C:\WINDOWS\SYSTEM32;C:\WINDOWS\WinSxS\amd64_microsoft.windows.common-controls_6595b64144ccf1df_6.0.22621.3527_none_270e469b73872a76;C:\Program Files\Java\jdk-20\bin\server

VM Arguments:
jvm_args: -Dfile.encoding=UTF-8 -agentlib:jdwp=transport=dt_shmem,address=javadebug1580 --module-path=C:\Users\aditi\Documents\NetBeansProjects\Emolyeemanagementsystem\build\classes 
java_command: emolyeemanagementsystem.AddEmployee
java_class_path (initial): C:\Users\aditi\Downloads\drive-download-20240510T183158Z-001\mysql-connector-java-8.0.28.jar;C:\Users\aditi\Downloads\drive-download-20240510T183158Z-001\jcalendar-tz-1.3.3-4.jar;C:\Users\aditi\Documents\NetBeansProjects\Emolyeemanagementsystem\build\classes
Launcher Type: SUN_STANDARD

[Global flags]
     intx CICompilerCount                          = 4                                         {product} {ergonomic}
     uint ConcGCThreads                            = 2                                         {product} {ergonomic}
     uint G1ConcRefinementThreads                  = 8                                         {product} {ergonomic}
   size_t G1HeapRegionSize                         = 2097152                                   {product} {ergonomic}
    uintx GCDrainStackTargetSize                   = 64                                        {product} {ergonomic}
   size_t InitialHeapSize                          = 234881024                                 {product} {ergonomic}
   size_t MarkStackSize                            = 4194304                                   {product} {ergonomic}
   size_t MaxHeapSize                              = 3745513472                                {product} {ergonomic}
   size_t MaxNewSize                               = 2246049792                                {product} {ergonomic}
   size_t MinHeapDeltaBytes                        = 2097152                                   {product} {ergonomic}
   size_t MinHeapSize                              = 8388608                                   {product} {ergonomic}
    uintx NonNMethodCodeHeapSize                   = 5839372                                {pd product} {ergonomic}
    uintx NonProfiledCodeHeapSize                  = 122909434                              {pd product} {ergonomic}
    uintx ProfiledCodeHeapSize                     = 122909434                              {pd product} {ergonomic}
    uintx ReservedCodeCacheSize                    = 251658240                              {pd product} {ergonomic}
     bool SegmentedCodeCache                       = true                                      {product} {ergonomic}
   size_t SoftMaxHeapSize                          = 3745513472                             {manageable} {ergonomic}
     bool UseCompressedClassPointers               = true                           {product lp64_product} {ergonomic}
     bool UseCompressedOops                        = true                           {product lp64_product} {ergonomic}
     bool UseG1GC                                  = true                                      {product} {ergonomic}
     bool UseLargePagesIndividualAllocation        = false                                  {pd product} {ergonomic}

Logging:
Log output configuration:
 #0: stdout all=warning uptime,level,tags foldmultilines=false
 #1: stderr all=off uptime,level,tags foldmultilines=false

Environment Variables:
PATH=C:\Program Files (x86)\Common Files\Intel\Shared Libraries\redist\intel64\compiler;C:\Program Files\Common Files\Oracle\Java\javapath;C:\Program Files\Python311\Scripts\;C:\Program Files\Python311\;C:\Windows\system32;C:\Windows;C:\Windows\System32\Wbem;C:\Windows\System32\WindowsPowerShell\v1.0\;C:\Windows\System32\OpenSSH\;C:\Program Files\Microsoft SQL Server\150\Tools\Binn\;C:\Program Files\Microsoft SQL Server\Client SDK\ODBC\170\Tools\Binn\;C:\Program Files\dotnet\;C:\Users\aditi\AppData\Local\Programs\Python\Python310\Scripts;C:\WINDOWS\system32;C:\WINDOWS;C:\WINDOWS\System32\Wbem;C:\WINDOWS\System32\WindowsPowerShell\v1.0\;C:\WINDOWS\System32\OpenSSH\;C:\MinGW\bin;C:\Program Files\Git\cmd;C:\Program Files\MySQL\MySQL Shell 8.0\bin\;C:\Program Files\MySQL\MySQL Shell 8.4\bin\;C:\Users\aditi\AppData\Local\Microsoft\WindowsApps;C:\Users\aditi\.dotnet\tools;C:\Users\aditi\AppData\Local\Programs\Microsoft VS Code\bin;C:\Program Files\JetBrains\IntelliJ IDEA Community Edition 2023.1\bin;;
USERNAME=aditi
OS=Windows_NT
PROCESSOR_IDENTIFIER=AMD64 Family 23 Model 24 Stepping 1, AuthenticAMD
TMP=C:\Users\aditi\AppData\Local\Temp
TEMP=C:\Users\aditi\AppData\Local\Temp




---------------  S Y S T E M  ---------------

OS:
 Windows 11 , 64 bit Build 22621 (10.0.22621.3527)
OS uptime: 10 days 2:47 hours

CPU: total 8 (initial active 8) (8 cores per cpu, 2 threads per core) family 23 model 24 stepping 1 microcode 0x0, cx8, cmov, fxsr, ht, mmx, 3dnowpref, sse, sse2, sse3, ssse3, sse4a, sse4.1, sse4.2, popcnt, lzcnt, tsc, tscinvbit, avx, avx2, aes, clmul, bmi1, bmi2, adx, sha, fma, vzeroupper, clflush, clflushopt, rdtscp, f16c

Memory: 4k page, system-wide physical 14283M (734M free)
TotalPageFile size 57291M (AvailPageFile size 0M)
current process WorkingSet (physical memory assigned to process): 40M, peak: 40M
current process commit charge ("private bytes"): 310M, peak: 310M

vm_info: Java HotSpot(TM) 64-Bit Server VM (20+36-2344) for windows-amd64 JRE (20+36-2344), built on 2023-02-10T19:30:15Z by "mach5one" with MS VC++ 17.1 (VS2022)

END.
