#
# There is insufficient memory for the Java Runtime Environment to continue.
# Native memory allocation (mmap) failed to map 65536 bytes for Failed to commit metaspace.
# Possible reasons:
#   The system is out of physical RAM or swap space
#   The process is running with CompressedOops enabled, and the Java Heap may be blocking the growth of the native heap
# Possible solutions:
#   Reduce memory load on the system
#   Increase physical memory or swap space
#   Check if swap backing store is full
#   Decrease Java heap size (-Xmx/-Xms)
#   Decrease number of Java threads
#   Decrease Java thread stack sizes (-Xss)
#   Set larger code cache with -XX:ReservedCodeCacheSize=
#   JVM is running with Zero Based Compressed Oops mode in which the Java heap is
#     placed in the first 32GB address space. The Java Heap base address is the
#     maximum limit for the native heap growth. Please use -XX:HeapBaseMinAddress
#     to set the Java Heap base and to place the Java Heap above 32GB virtual address.
# This output file may be truncated or incomplete.
#
#  Out of Memory Error (virtualSpaceNode.cpp:110), pid=45972, tid=37256
#
# JRE version: Java(TM) SE Runtime Environment (20.0+36) (build 20+36-2344)
# Java VM: Java HotSpot(TM) 64-Bit Server VM (20+36-2344, mixed mode, sharing, tiered, compressed oops, compressed class ptrs, g1 gc, windows-amd64)
# No core dump will be written. Minidumps are not enabled by default on client versions of Windows
#

---------------  S U M M A R Y ------------

Command Line: -Dfile.encoding=UTF-8 --module-path=C:\Users\aditi\Documents\NetBeansProjects\Emolyeemanagementsystem\build\classes emolyeemanagementsystem.AddEmployee

Host: AMD Ryzen 7 3700U with Radeon Vega Mobile Gfx  , 8 cores, 13G,  Windows 11 , 64 bit Build 22621 (10.0.22621.3527)
Time: Sun May 12 16:00:24 2024 India Standard Time elapsed time: 1.153221 seconds (0d 0h 0m 1s)

---------------  T H R E A D  ---------------

Current thread (0x0000022ae74dcd70):  JavaThread "main" [_thread_in_vm, id=37256, stack(0x000000999ea00000,0x000000999eb00000)]

Stack: [0x000000999ea00000,0x000000999eb00000]
Native frames: (J=compiled Java code, j=interpreted, Vv=VM code, C=native code)
V  [jvm.dll+0x6bb95a]
V  [jvm.dll+0x8483aa]
V  [jvm.dll+0x849fa5]
V  [jvm.dll+0x84a6a3]
V  [jvm.dll+0x280b0f]
V  [jvm.dll+0x8442eb]
V  [jvm.dll+0x65fd86]
V  [jvm.dll+0x65fdea]
V  [jvm.dll+0x6626c3]
V  [jvm.dll+0x66258e]
V  [jvm.dll+0x66079e]
V  [jvm.dll+0x3c366f]
V  [jvm.dll+0x21353b]
V  [jvm.dll+0x59c296]
V  [jvm.dll+0x222d6a]
V  [jvm.dll+0x7c2aa4]
V  [jvm.dll+0x7c3ba9]
V  [jvm.dll+0x7c414f]
V  [jvm.dll+0x472b06]
C  [java.dll+0x1a55]

Java frames: (J=compiled Java code, j=interpreted, Vv=VM code)
j  java.lang.ClassLoader.findBootstrapClass(Ljava/lang/String;)Ljava/lang/Class;+0 java.base@20
j  java.lang.ClassLoader.findBootstrapClassOrNull(Ljava/lang/String;)Ljava/lang/Class;+10 java.base@20
j  java.lang.System$2.findBootstrapClassOrNull(Ljava/lang/String;)Ljava/lang/Class;+1 java.base@20
j  jdk.internal.loader.ClassLoaders$BootClassLoader.loadClassOrNull(Ljava/lang/String;Z)Ljava/lang/Class;+4 java.base@20
j  jdk.internal.loader.BuiltinClassLoader.loadClassOrNull(Ljava/lang/String;)Ljava/lang/Class;+3 java.base@20
j  jdk.internal.loader.BuiltinClassLoader.loadClassOrNull(Ljava/lang/String;Z)Ljava/lang/Class;+66 java.base@20
j  jdk.internal.loader.BuiltinClassLoader.loadClass(Ljava/lang/String;Z)Ljava/lang/Class;+3 java.base@20
j  jdk.internal.loader.ClassLoaders$AppClassLoader.loadClass(Ljava/lang/String;Z)Ljava/lang/Class;+36 java.base@20
j  java.lang.ClassLoader.loadClass(Ljava/lang/String;)Ljava/lang/Class;+3 java.base@20
v  ~StubRoutines::call_stub 0x0000022af6ac100d
j  emolyeemanagementsystem.AddEmployee.<init>()V+270
j  emolyeemanagementsystem.AddEmployee.main([Ljava/lang/String;)V+4
v  ~StubRoutines::call_stub 0x0000022af6ac100d

---------------  P R O C E S S  ---------------

Threads class SMR info:
_java_thread_list=0x0000022a8a7587a0, length=14, elements={
0x0000022ae74dcd70, 0x0000022a85fd5f90, 0x0000022a85fd73a0, 0x0000022a85fdcdb0,
0x0000022a85fe0810, 0x0000022a85fe1150, 0x0000022a85fe6990, 0x0000022a85fe9700,
0x0000022a85ff0880, 0x0000022a85fa2d60, 0x0000022a8a5858a0, 0x0000022a8a765710,
0x0000022a8a76bb80, 0x0000022a8a76f5d0
}

Java Threads: ( => current thread )
=>0x0000022ae74dcd70 JavaThread "main" [_thread_in_vm, id=37256, stack(0x000000999ea00000,0x000000999eb00000)]
  0x0000022a85fd5f90 JavaThread "Reference Handler" daemon [_thread_blocked, id=34500, stack(0x000000999f100000,0x000000999f200000)]
  0x0000022a85fd73a0 JavaThread "Finalizer" daemon [_thread_blocked, id=28336, stack(0x000000999f200000,0x000000999f300000)]
  0x0000022a85fdcdb0 JavaThread "Signal Dispatcher" daemon [_thread_blocked, id=36664, stack(0x000000999f300000,0x000000999f400000)]
  0x0000022a85fe0810 JavaThread "Attach Listener" daemon [_thread_blocked, id=31360, stack(0x000000999f400000,0x000000999f500000)]
  0x0000022a85fe1150 JavaThread "Service Thread" daemon [_thread_blocked, id=29872, stack(0x000000999f500000,0x000000999f600000)]
  0x0000022a85fe6990 JavaThread "Monitor Deflation Thread" daemon [_thread_blocked, id=32928, stack(0x000000999f600000,0x000000999f700000)]
  0x0000022a85fe9700 JavaThread "C2 CompilerThread0" daemon [_thread_blocked, id=13852, stack(0x000000999f700000,0x000000999f800000)]
  0x0000022a85ff0880 JavaThread "C1 CompilerThread0" daemon [_thread_blocked, id=8460, stack(0x000000999f800000,0x000000999f900000)]
  0x0000022a85fa2d60 JavaThread "Common-Cleaner" daemon [_thread_blocked, id=32192, stack(0x000000999f900000,0x000000999fa00000)]
  0x0000022a8a5858a0 JavaThread "Notification Thread" daemon [_thread_blocked, id=38852, stack(0x000000999fa00000,0x000000999fb00000)]
  0x0000022a8a765710 JavaThread "Java2D Disposer" daemon [_thread_blocked, id=43328, stack(0x000000999fc00000,0x000000999fd00000)]
  0x0000022a8a76bb80 JavaThread "AWT-Shutdown" [_thread_blocked, id=44096, stack(0x000000999fd00000,0x000000999fe00000)]
  0x0000022a8a76f5d0 JavaThread "AWT-Windows" daemon [_thread_in_native, id=45876, stack(0x000000999fe00000,0x000000999ff00000)]

Other Threads:
  0x0000022a85fb9dc0 VMThread "VM Thread" [stack: 0x000000999f000000,0x000000999f100000] [id=38224]
  0x0000022a8a5ec070 WatcherThread "VM Periodic Task Thread" [stack: 0x000000999fb00000,0x000000999fc00000] [id=40204]
  0x0000022ae7546c90 WorkerThread "GC Thread#0" [stack: 0x000000999eb00000,0x000000999ec00000] [id=16320]
  0x0000022ae7555c80 ConcurrentGCThread "G1 Main Marker" [stack: 0x000000999ec00000,0x000000999ed00000] [id=15520]
  0x0000022ae75566b0 WorkerThread "G1 Conc#0" [stack: 0x000000999ed00000,0x000000999ee00000] [id=20552]
  0x0000022ae759e5f0 ConcurrentGCThread "G1 Refine#0" [stack: 0x000000999ee00000,0x000000999ef00000] [id=44928]
  0x0000022a85e76650 ConcurrentGCThread "G1 Service" [stack: 0x000000999ef00000,0x000000999f000000] [id=31116]

Threads with active compile tasks:

VM state: not at safepoint (normal execution)

VM Mutex/Monitor currently owned by a thread:  ([mutex/lock_event])
[0x0000022ae74d7270] Metaspace_lock - owner thread: 0x0000022ae74dcd70

Heap address: 0x0000000720c00000, size: 3572 MB, Compressed Oops mode: Zero based, Oop shift amount: 3

CDS archive(s) mapped at: [0x0000000800000000-0x0000000800c60000-0x0000000800c60000), size 12976128, SharedBaseAddress: 0x0000000800000000, ArchiveRelocationMode: 0.
Compressed class space mapped at: 0x0000000801000000-0x0000000841000000, reserved size: 1073741824
Narrow klass base: 0x0000000800000000, Narrow klass shift: 0, Narrow klass range: 0x100000000

GC Precious Log:
 CardTable entry size: 512
 Card Set container configuration: InlinePtr #cards 4 size 8 Array Of Cards #cards 16 size 48 Howl #buckets 8 coarsen threshold 3686 Howl Bitmap #cards 512 size 80 coarsen threshold 460 Card regions per heap region 1 cards per card region 4096
 CPUs: 8 total, 8 available
 Memory: 14283M
 Large Page Support: Disabled
 NUMA Support: Disabled
 Compressed Oops: Enabled (Zero based)
 Heap Region Size: 2M
 Heap Min Capacity: 8M
 Heap Initial Capacity: 224M
 Heap Max Capacity: 3572M
 Pre-touch: Disabled
 Parallel Workers: 8
 Concurrent Workers: 2
 Concurrent Refinement Workers: 8
 Periodic GC: Disabled

Heap:
 garbage-first heap   total 229376K, used 6144K [0x0000000720c00000, 0x0000000800000000)
  region size 2048K, 4 young (8192K), 0 survivors (0K)
 Metaspace       used 5280K, committed 5376K, reserved 1114112K
  class space    used 605K, committed 640K, reserved 1048576K

Heap Regions: E=young(eden), S=young(survivor), O=old, HS=humongous(starts), HC=humongous(continues), CS=collection set, F=free, OA=open archive, CA=closed archive, TAMS=top-at-mark-start, PB=parsable bottom
|   0|0x0000000720c00000, 0x0000000720c00000, 0x0000000720e00000|  0%| F|  |TAMS 0x0000000720c00000| PB 0x0000000720c00000| Untracked 
|   1|0x0000000720e00000, 0x0000000720e00000, 0x0000000721000000|  0%| F|  |TAMS 0x0000000720e00000| PB 0x0000000720e00000| Untracked 
|   2|0x0000000721000000, 0x0000000721000000, 0x0000000721200000|  0%| F|  |TAMS 0x0000000721000000| PB 0x0000000721000000| Untracked 
|   3|0x0000000721200000, 0x0000000721200000, 0x0000000721400000|  0%| F|  |TAMS 0x0000000721200000| PB 0x0000000721200000| Untracked 
|   4|0x0000000721400000, 0x0000000721400000, 0x0000000721600000|  0%| F|  |TAMS 0x0000000721400000| PB 0x0000000721400000| Untracked 
|   5|0x0000000721600000, 0x0000000721600000, 0x0000000721800000|  0%| F|  |TAMS 0x0000000721600000| PB 0x0000000721600000| Untracked 
|   6|0x0000000721800000, 0x0000000721800000, 0x0000000721a00000|  0%| F|  |TAMS 0x0000000721800000| PB 0x0000000721800000| Untracked 
|   7|0x0000000721a00000, 0x0000000721a00000, 0x0000000721c00000|  0%| F|  |TAMS 0x0000000721a00000| PB 0x0000000721a00000| Untracked 
|   8|0x0000000721c00000, 0x0000000721c00000, 0x0000000721e00000|  0%| F|  |TAMS 0x0000000721c00000| PB 0x0000000721c00000| Untracked 
|   9|0x0000000721e00000, 0x0000000721e00000, 0x0000000722000000|  0%| F|  |TAMS 0x0000000721e00000| PB 0x0000000721e00000| Untracked 
|  10|0x0000000722000000, 0x0000000722000000, 0x0000000722200000|  0%| F|  |TAMS 0x0000000722000000| PB 0x0000000722000000| Untracked 
|  11|0x0000000722200000, 0x0000000722200000, 0x0000000722400000|  0%| F|  |TAMS 0x0000000722200000| PB 0x0000000722200000| Untracked 
|  12|0x0000000722400000, 0x0000000722400000, 0x0000000722600000|  0%| F|  |TAMS 0x0000000722400000| PB 0x0000000722400000| Untracked 
|  13|0x0000000722600000, 0x0000000722600000, 0x0000000722800000|  0%| F|  |TAMS 0x0000000722600000| PB 0x0000000722600000| Untracked 
|  14|0x0000000722800000, 0x0000000722800000, 0x0000000722a00000|  0%| F|  |TAMS 0x0000000722800000| PB 0x0000000722800000| Untracked 
|  15|0x0000000722a00000, 0x0000000722a00000, 0x0000000722c00000|  0%| F|  |TAMS 0x0000000722a00000| PB 0x0000000722a00000| Untracked 
|  16|0x0000000722c00000, 0x0000000722c00000, 0x0000000722e00000|  0%| F|  |TAMS 0x0000000722c00000| PB 0x0000000722c00000| Untracked 
|  17|0x0000000722e00000, 0x0000000722e00000, 0x0000000723000000|  0%| F|  |TAMS 0x0000000722e00000| PB 0x0000000722e00000| Untracked 
|  18|0x0000000723000000, 0x0000000723000000, 0x0000000723200000|  0%| F|  |TAMS 0x0000000723000000| PB 0x0000000723000000| Untracked 
|  19|0x0000000723200000, 0x0000000723200000, 0x0000000723400000|  0%| F|  |TAMS 0x0000000723200000| PB 0x0000000723200000| Untracked 
|  20|0x0000000723400000, 0x0000000723400000, 0x0000000723600000|  0%| F|  |TAMS 0x0000000723400000| PB 0x0000000723400000| Untracked 
|  21|0x0000000723600000, 0x0000000723600000, 0x0000000723800000|  0%| F|  |TAMS 0x0000000723600000| PB 0x0000000723600000| Untracked 
|  22|0x0000000723800000, 0x0000000723800000, 0x0000000723a00000|  0%| F|  |TAMS 0x0000000723800000| PB 0x0000000723800000| Untracked 
|  23|0x0000000723a00000, 0x0000000723a00000, 0x0000000723c00000|  0%| F|  |TAMS 0x0000000723a00000| PB 0x0000000723a00000| Untracked 
|  24|0x0000000723c00000, 0x0000000723c00000, 0x0000000723e00000|  0%| F|  |TAMS 0x0000000723c00000| PB 0x0000000723c00000| Untracked 
|  25|0x0000000723e00000, 0x0000000723e00000, 0x0000000724000000|  0%| F|  |TAMS 0x0000000723e00000| PB 0x0000000723e00000| Untracked 
|  26|0x0000000724000000, 0x0000000724000000, 0x0000000724200000|  0%| F|  |TAMS 0x0000000724000000| PB 0x0000000724000000| Untracked 
|  27|0x0000000724200000, 0x0000000724200000, 0x0000000724400000|  0%| F|  |TAMS 0x0000000724200000| PB 0x0000000724200000| Untracked 
|  28|0x0000000724400000, 0x0000000724400000, 0x0000000724600000|  0%| F|  |TAMS 0x0000000724400000| PB 0x0000000724400000| Untracked 
|  29|0x0000000724600000, 0x0000000724600000, 0x0000000724800000|  0%| F|  |TAMS 0x0000000724600000| PB 0x0000000724600000| Untracked 
|  30|0x0000000724800000, 0x0000000724800000, 0x0000000724a00000|  0%| F|  |TAMS 0x0000000724800000| PB 0x0000000724800000| Untracked 
|  31|0x0000000724a00000, 0x0000000724a00000, 0x0000000724c00000|  0%| F|  |TAMS 0x0000000724a00000| PB 0x0000000724a00000| Untracked 
|  32|0x0000000724c00000, 0x0000000724c00000, 0x0000000724e00000|  0%| F|  |TAMS 0x0000000724c00000| PB 0x0000000724c00000| Untracked 
|  33|0x0000000724e00000, 0x0000000724e00000, 0x0000000725000000|  0%| F|  |TAMS 0x0000000724e00000| PB 0x0000000724e00000| Untracked 
|  34|0x0000000725000000, 0x0000000725000000, 0x0000000725200000|  0%| F|  |TAMS 0x0000000725000000| PB 0x0000000725000000| Untracked 
|  35|0x0000000725200000, 0x0000000725200000, 0x0000000725400000|  0%| F|  |TAMS 0x0000000725200000| PB 0x0000000725200000| Untracked 
|  36|0x0000000725400000, 0x0000000725400000, 0x0000000725600000|  0%| F|  |TAMS 0x0000000725400000| PB 0x0000000725400000| Untracked 
|  37|0x0000000725600000, 0x0000000725600000, 0x0000000725800000|  0%| F|  |TAMS 0x0000000725600000| PB 0x0000000725600000| Untracked 
|  38|0x0000000725800000, 0x0000000725800000, 0x0000000725a00000|  0%| F|  |TAMS 0x0000000725800000| PB 0x0000000725800000| Untracked 
|  39|0x0000000725a00000, 0x0000000725a00000, 0x0000000725c00000|  0%| F|  |TAMS 0x0000000725a00000| PB 0x0000000725a00000| Untracked 
|  40|0x0000000725c00000, 0x0000000725c00000, 0x0000000725e00000|  0%| F|  |TAMS 0x0000000725c00000| PB 0x0000000725c00000| Untracked 
|  41|0x0000000725e00000, 0x0000000725e00000, 0x0000000726000000|  0%| F|  |TAMS 0x0000000725e00000| PB 0x0000000725e00000| Untracked 
|  42|0x0000000726000000, 0x0000000726000000, 0x0000000726200000|  0%| F|  |TAMS 0x0000000726000000| PB 0x0000000726000000| Untracked 
|  43|0x0000000726200000, 0x0000000726200000, 0x0000000726400000|  0%| F|  |TAMS 0x0000000726200000| PB 0x0000000726200000| Untracked 
|  44|0x0000000726400000, 0x0000000726400000, 0x0000000726600000|  0%| F|  |TAMS 0x0000000726400000| PB 0x0000000726400000| Untracked 
|  45|0x0000000726600000, 0x0000000726600000, 0x0000000726800000|  0%| F|  |TAMS 0x0000000726600000| PB 0x0000000726600000| Untracked 
|  46|0x0000000726800000, 0x0000000726800000, 0x0000000726a00000|  0%| F|  |TAMS 0x0000000726800000| PB 0x0000000726800000| Untracked 
|  47|0x0000000726a00000, 0x0000000726a00000, 0x0000000726c00000|  0%| F|  |TAMS 0x0000000726a00000| PB 0x0000000726a00000| Untracked 
|  48|0x0000000726c00000, 0x0000000726c00000, 0x0000000726e00000|  0%| F|  |TAMS 0x0000000726c00000| PB 0x0000000726c00000| Untracked 
|  49|0x0000000726e00000, 0x0000000726e00000, 0x0000000727000000|  0%| F|  |TAMS 0x0000000726e00000| PB 0x0000000726e00000| Untracked 
|  50|0x0000000727000000, 0x0000000727000000, 0x0000000727200000|  0%| F|  |TAMS 0x0000000727000000| PB 0x0000000727000000| Untracked 
|  51|0x0000000727200000, 0x0000000727200000, 0x0000000727400000|  0%| F|  |TAMS 0x0000000727200000| PB 0x0000000727200000| Untracked 
|  52|0x0000000727400000, 0x0000000727400000, 0x0000000727600000|  0%| F|  |TAMS 0x0000000727400000| PB 0x0000000727400000| Untracked 
|  53|0x0000000727600000, 0x0000000727600000, 0x0000000727800000|  0%| F|  |TAMS 0x0000000727600000| PB 0x0000000727600000| Untracked 
|  54|0x0000000727800000, 0x0000000727800000, 0x0000000727a00000|  0%| F|  |TAMS 0x0000000727800000| PB 0x0000000727800000| Untracked 
|  55|0x0000000727a00000, 0x0000000727a00000, 0x0000000727c00000|  0%| F|  |TAMS 0x0000000727a00000| PB 0x0000000727a00000| Untracked 
|  56|0x0000000727c00000, 0x0000000727c00000, 0x0000000727e00000|  0%| F|  |TAMS 0x0000000727c00000| PB 0x0000000727c00000| Untracked 
|  57|0x0000000727e00000, 0x0000000727e00000, 0x0000000728000000|  0%| F|  |TAMS 0x0000000727e00000| PB 0x0000000727e00000| Untracked 
|  58|0x0000000728000000, 0x0000000728000000, 0x0000000728200000|  0%| F|  |TAMS 0x0000000728000000| PB 0x0000000728000000| Untracked 
|  59|0x0000000728200000, 0x0000000728200000, 0x0000000728400000|  0%| F|  |TAMS 0x0000000728200000| PB 0x0000000728200000| Untracked 
|  60|0x0000000728400000, 0x0000000728400000, 0x0000000728600000|  0%| F|  |TAMS 0x0000000728400000| PB 0x0000000728400000| Untracked 
|  61|0x0000000728600000, 0x0000000728600000, 0x0000000728800000|  0%| F|  |TAMS 0x0000000728600000| PB 0x0000000728600000| Untracked 
|  62|0x0000000728800000, 0x0000000728800000, 0x0000000728a00000|  0%| F|  |TAMS 0x0000000728800000| PB 0x0000000728800000| Untracked 
|  63|0x0000000728a00000, 0x0000000728a00000, 0x0000000728c00000|  0%| F|  |TAMS 0x0000000728a00000| PB 0x0000000728a00000| Untracked 
|  64|0x0000000728c00000, 0x0000000728c00000, 0x0000000728e00000|  0%| F|  |TAMS 0x0000000728c00000| PB 0x0000000728c00000| Untracked 
|  65|0x0000000728e00000, 0x0000000728e00000, 0x0000000729000000|  0%| F|  |TAMS 0x0000000728e00000| PB 0x0000000728e00000| Untracked 
|  66|0x0000000729000000, 0x0000000729000000, 0x0000000729200000|  0%| F|  |TAMS 0x0000000729000000| PB 0x0000000729000000| Untracked 
|  67|0x0000000729200000, 0x0000000729200000, 0x0000000729400000|  0%| F|  |TAMS 0x0000000729200000| PB 0x0000000729200000| Untracked 
|  68|0x0000000729400000, 0x0000000729400000, 0x0000000729600000|  0%| F|  |TAMS 0x0000000729400000| PB 0x0000000729400000| Untracked 
|  69|0x0000000729600000, 0x0000000729600000, 0x0000000729800000|  0%| F|  |TAMS 0x0000000729600000| PB 0x0000000729600000| Untracked 
|  70|0x0000000729800000, 0x0000000729800000, 0x0000000729a00000|  0%| F|  |TAMS 0x0000000729800000| PB 0x0000000729800000| Untracked 
|  71|0x0000000729a00000, 0x0000000729a00000, 0x0000000729c00000|  0%| F|  |TAMS 0x0000000729a00000| PB 0x0000000729a00000| Untracked 
|  72|0x0000000729c00000, 0x0000000729c00000, 0x0000000729e00000|  0%| F|  |TAMS 0x0000000729c00000| PB 0x0000000729c00000| Untracked 
|  73|0x0000000729e00000, 0x0000000729e00000, 0x000000072a000000|  0%| F|  |TAMS 0x0000000729e00000| PB 0x0000000729e00000| Untracked 
|  74|0x000000072a000000, 0x000000072a000000, 0x000000072a200000|  0%| F|  |TAMS 0x000000072a000000| PB 0x000000072a000000| Untracked 
|  75|0x000000072a200000, 0x000000072a200000, 0x000000072a400000|  0%| F|  |TAMS 0x000000072a200000| PB 0x000000072a200000| Untracked 
|  76|0x000000072a400000, 0x000000072a400000, 0x000000072a600000|  0%| F|  |TAMS 0x000000072a400000| PB 0x000000072a400000| Untracked 
|  77|0x000000072a600000, 0x000000072a600000, 0x000000072a800000|  0%| F|  |TAMS 0x000000072a600000| PB 0x000000072a600000| Untracked 
|  78|0x000000072a800000, 0x000000072a800000, 0x000000072aa00000|  0%| F|  |TAMS 0x000000072a800000| PB 0x000000072a800000| Untracked 
|  79|0x000000072aa00000, 0x000000072aa00000, 0x000000072ac00000|  0%| F|  |TAMS 0x000000072aa00000| PB 0x000000072aa00000| Untracked 
|  80|0x000000072ac00000, 0x000000072ac00000, 0x000000072ae00000|  0%| F|  |TAMS 0x000000072ac00000| PB 0x000000072ac00000| Untracked 
|  81|0x000000072ae00000, 0x000000072ae00000, 0x000000072b000000|  0%| F|  |TAMS 0x000000072ae00000| PB 0x000000072ae00000| Untracked 
|  82|0x000000072b000000, 0x000000072b000000, 0x000000072b200000|  0%| F|  |TAMS 0x000000072b000000| PB 0x000000072b000000| Untracked 
|  83|0x000000072b200000, 0x000000072b200000, 0x000000072b400000|  0%| F|  |TAMS 0x000000072b200000| PB 0x000000072b200000| Untracked 
|  84|0x000000072b400000, 0x000000072b400000, 0x000000072b600000|  0%| F|  |TAMS 0x000000072b400000| PB 0x000000072b400000| Untracked 
|  85|0x000000072b600000, 0x000000072b600000, 0x000000072b800000|  0%| F|  |TAMS 0x000000072b600000| PB 0x000000072b600000| Untracked 
|  86|0x000000072b800000, 0x000000072b800000, 0x000000072ba00000|  0%| F|  |TAMS 0x000000072b800000| PB 0x000000072b800000| Untracked 
|  87|0x000000072ba00000, 0x000000072ba00000, 0x000000072bc00000|  0%| F|  |TAMS 0x000000072ba00000| PB 0x000000072ba00000| Untracked 
|  88|0x000000072bc00000, 0x000000072bc00000, 0x000000072be00000|  0%| F|  |TAMS 0x000000072bc00000| PB 0x000000072bc00000| Untracked 
|  89|0x000000072be00000, 0x000000072be00000, 0x000000072c000000|  0%| F|  |TAMS 0x000000072be00000| PB 0x000000072be00000| Untracked 
|  90|0x000000072c000000, 0x000000072c000000, 0x000000072c200000|  0%| F|  |TAMS 0x000000072c000000| PB 0x000000072c000000| Untracked 
|  91|0x000000072c200000, 0x000000072c200000, 0x000000072c400000|  0%| F|  |TAMS 0x000000072c200000| PB 0x000000072c200000| Untracked 
|  92|0x000000072c400000, 0x000000072c400000, 0x000000072c600000|  0%| F|  |TAMS 0x000000072c400000| PB 0x000000072c400000| Untracked 
|  93|0x000000072c600000, 0x000000072c600000, 0x000000072c800000|  0%| F|  |TAMS 0x000000072c600000| PB 0x000000072c600000| Untracked 
|  94|0x000000072c800000, 0x000000072c800000, 0x000000072ca00000|  0%| F|  |TAMS 0x000000072c800000| PB 0x000000072c800000| Untracked 
|  95|0x000000072ca00000, 0x000000072ca00000, 0x000000072cc00000|  0%| F|  |TAMS 0x000000072ca00000| PB 0x000000072ca00000| Untracked 
|  96|0x000000072cc00000, 0x000000072cc00000, 0x000000072ce00000|  0%| F|  |TAMS 0x000000072cc00000| PB 0x000000072cc00000| Untracked 
|  97|0x000000072ce00000, 0x000000072ce00000, 0x000000072d000000|  0%| F|  |TAMS 0x000000072ce00000| PB 0x000000072ce00000| Untracked 
|  98|0x000000072d000000, 0x000000072d000000, 0x000000072d200000|  0%| F|  |TAMS 0x000000072d000000| PB 0x000000072d000000| Untracked 
|  99|0x000000072d200000, 0x000000072d200000, 0x000000072d400000|  0%| F|  |TAMS 0x000000072d200000| PB 0x000000072d200000| Untracked 
| 100|0x000000072d400000, 0x000000072d400000, 0x000000072d600000|  0%| F|  |TAMS 0x000000072d400000| PB 0x000000072d400000| Untracked 
| 101|0x000000072d600000, 0x000000072d600000, 0x000000072d800000|  0%| F|  |TAMS 0x000000072d600000| PB 0x000000072d600000| Untracked 
| 102|0x000000072d800000, 0x000000072d800000, 0x000000072da00000|  0%| F|  |TAMS 0x000000072d800000| PB 0x000000072d800000| Untracked 
| 103|0x000000072da00000, 0x000000072da00000, 0x000000072dc00000|  0%| F|  |TAMS 0x000000072da00000| PB 0x000000072da00000| Untracked 
| 104|0x000000072dc00000, 0x000000072dc00000, 0x000000072de00000|  0%| F|  |TAMS 0x000000072dc00000| PB 0x000000072dc00000| Untracked 
| 105|0x000000072de00000, 0x000000072de00000, 0x000000072e000000|  0%| F|  |TAMS 0x000000072de00000| PB 0x000000072de00000| Untracked 
| 106|0x000000072e000000, 0x000000072e000000, 0x000000072e200000|  0%| F|  |TAMS 0x000000072e000000| PB 0x000000072e000000| Untracked 
| 107|0x000000072e200000, 0x000000072e200000, 0x000000072e400000|  0%| F|  |TAMS 0x000000072e200000| PB 0x000000072e200000| Untracked 
| 108|0x000000072e400000, 0x000000072e4e1cc8, 0x000000072e600000| 44%| E|  |TAMS 0x000000072e400000| PB 0x000000072e400000| Complete 
| 109|0x000000072e600000, 0x000000072e800000, 0x000000072e800000|100%| E|CS|TAMS 0x000000072e600000| PB 0x000000072e600000| Complete 
| 110|0x000000072e800000, 0x000000072ea00000, 0x000000072ea00000|100%| E|CS|TAMS 0x000000072e800000| PB 0x000000072e800000| Complete 
| 111|0x000000072ea00000, 0x000000072ec00000, 0x000000072ec00000|100%| E|CS|TAMS 0x000000072ea00000| PB 0x000000072ea00000| Complete 

Card table byte_map: [0x0000022afefc0000,0x0000022aff6c0000] _byte_map_base: 0x0000022afb6ba000

Marking Bits: (CMBitMap*) 0x0000022ae75472c0
 Bits: [0x0000022a80000000, 0x0000022a837d0000)

Polling page: 0x0000022ae54c0000

Metaspace:

Usage:
  Non-class:      4.57 MB used.
      Class:    605.62 KB used.
       Both:      5.16 MB used.

Virtual space:
  Non-class space:       64.00 MB reserved,       4.62 MB (  7%) committed,  1 nodes.
      Class space:        1.00 GB reserved,     640.00 KB ( <1%) committed,  1 nodes.
             Both:        1.06 GB reserved,       5.25 MB ( <1%) committed. 

Chunk freelists:
   Non-Class:  2.88 MB
       Class:  3.25 MB
        Both:  6.13 MB

MaxMetaspaceSize: unlimited
CompressedClassSpaceSize: 1.00 GB
Initial GC threshold: 21.00 MB
Current GC threshold: 21.00 MB
CDS: on
MetaspaceReclaimPolicy: balanced
 - commit_granule_bytes: 65536.
 - commit_granule_words: 8192.
 - virtual_space_node_default_size: 8388608.
 - enlarge_chunks_in_place: 1.
 - new_chunks_are_fully_committed: 0.
 - uncommit_free_chunks: 1.
 - use_allocation_guard: 0.


Internal statistics:

num_allocs_failed_limit: 0.
num_arena_births: 114.
num_arena_deaths: 0.
num_vsnodes_births: 2.
num_vsnodes_deaths: 0.
num_space_committed: 84.
num_space_uncommitted: 0.
num_chunks_returned_to_freelist: 0.
num_chunks_taken_from_freelist: 140.
num_chunk_merges: 0.
num_chunk_splits: 85.
num_chunks_enlarged: 37.
num_inconsistent_stats: 0.

CodeHeap 'non-profiled nmethods': size=120000Kb used=168Kb max_used=168Kb free=119831Kb
 bounds [0x0000022af7060000, 0x0000022af72d0000, 0x0000022afe590000]
CodeHeap 'profiled nmethods': size=120000Kb used=780Kb max_used=780Kb free=119219Kb
 bounds [0x0000022aef590000, 0x0000022aef800000, 0x0000022af6ac0000]
CodeHeap 'non-nmethods': size=5760Kb used=1486Kb max_used=1500Kb free=4273Kb
 bounds [0x0000022af6ac0000, 0x0000022af6d30000, 0x0000022af7060000]
 total_blobs=1092 nmethods=574 adapters=429
 compilation: enabled
              stopped_count=0, restarted_count=0
 full_count=0

Compilation events (20 events):
Event: 1.123 Thread 0x0000022a85ff0880  565       3       java.lang.invoke.LambdaFormEditor::lambdaFormEditor (12 bytes)
Event: 1.124 Thread 0x0000022a85ff0880 nmethod 565 0x0000022aef64f390 code [0x0000022aef64f540, 0x0000022aef64f808]
Event: 1.128 Thread 0x0000022a85ff0880  566       3       java.lang.invoke.LambdaFormEditor$Transform::equals (32 bytes)
Event: 1.128 Thread 0x0000022a85ff0880 nmethod 566 0x0000022aef64f990 code [0x0000022aef64fb20, 0x0000022aef64fd00]
Event: 1.138 Thread 0x0000022a85ff0880  567       3       java.lang.reflect.Modifier::isFinal (13 bytes)
Event: 1.138 Thread 0x0000022a85fe9700  568       4       java.lang.Object::<init> (1 bytes)
Event: 1.138 Thread 0x0000022a85ff0880 nmethod 567 0x0000022aef64fe10 code [0x0000022aef64ffa0, 0x0000022aef6500f0]
Event: 1.138 Thread 0x0000022a85ff0880  569       3       java.lang.invoke.MethodType::methodType (21 bytes)
Event: 1.139 Thread 0x0000022a85ff0880 nmethod 569 0x0000022aef650190 code [0x0000022aef650340, 0x0000022aef650508]
Event: 1.139 Thread 0x0000022a85ff0880  570   !   3       java.lang.invoke.MemberName::getFieldType (176 bytes)
Event: 1.139 Thread 0x0000022a85fe9700 nmethod 568 0x0000022af7089b10 code [0x0000022af7089c80, 0x0000022af7089d40]
Event: 1.140 Thread 0x0000022a85ff0880 nmethod 570 0x0000022aef650610 code [0x0000022aef650900, 0x0000022aef651c38]
Event: 1.140 Thread 0x0000022a85ff0880  571       1       java.lang.Integer::intValue (5 bytes)
Event: 1.140 Thread 0x0000022a85ff0880 nmethod 571 0x0000022af7089e10 code [0x0000022af7089f80, 0x0000022af708a048]
Event: 1.140 Thread 0x0000022a85ff0880  572       3       java.awt.AWTKeyStroke::hashCode (36 bytes)
Event: 1.140 Thread 0x0000022a85ff0880 nmethod 572 0x0000022aef652210 code [0x0000022aef6523a0, 0x0000022aef652528]
Event: 1.145 Thread 0x0000022a85ff0880  573       3       java.lang.ref.ReferenceQueue::headIsNull (13 bytes)
Event: 1.145 Thread 0x0000022a85ff0880 nmethod 573 0x0000022aef652590 code [0x0000022aef652720, 0x0000022aef652890]
Event: 1.146 Thread 0x0000022a85ff0880  574  s    3       java.util.Hashtable::get (69 bytes)
Event: 1.146 Thread 0x0000022a85ff0880 nmethod 574 0x0000022aef652910 code [0x0000022aef652ae0, 0x0000022aef653048]

GC Heap History (0 events):
No events

Dll operation events (8 events):
Event: 0.027 Loaded shared library C:\Program Files\Java\jdk-20\bin\java.dll
Event: 0.053 Loaded shared library C:\Program Files\Java\jdk-20\bin\jsvml.dll
Event: 0.174 Loaded shared library C:\Program Files\Java\jdk-20\bin\net.dll
Event: 0.180 Loaded shared library C:\Program Files\Java\jdk-20\bin\nio.dll
Event: 0.264 Loaded shared library C:\Program Files\Java\jdk-20\bin\zip.dll
Event: 0.312 Loaded shared library C:\Program Files\Java\jdk-20\bin\jimage.dll
Event: 0.357 Loaded shared library C:\Program Files\Java\jdk-20\bin\awt.dll
Event: 1.147 Loaded shared library C:\Program Files\Java\jdk-20\bin\verify.dll

Deoptimization events (4 events):
Event: 0.903 Thread 0x0000022ae74dcd70 Uncommon trap: trap_request=0xffffff45 fr.pc=0x0000022af7070134 relative=0x0000000000000a34
Event: 0.903 Thread 0x0000022ae74dcd70 Uncommon trap: reason=unstable_if action=reinterpret pc=0x0000022af7070134 method=java.util.HashMap.putVal(ILjava/lang/Object;Ljava/lang/Object;ZZ)Ljava/lang/Object; @ 81 c2
Event: 0.903 Thread 0x0000022ae74dcd70 DEOPT PACKING pc=0x0000022af7070134 sp=0x000000999eafe510
Event: 0.903 Thread 0x0000022ae74dcd70 DEOPT UNPACKING pc=0x0000022af6b29d22 sp=0x000000999eafe4c0 mode 2

Classes loaded (20 events):
Event: 1.141 Loading class javax/swing/plaf/synth/SynthConstants
Event: 1.141 Loading class javax/swing/plaf/synth/SynthConstants done
Event: 1.141 Loading class javax/swing/plaf/synth/SynthUI done
Event: 1.141 Loading class javax/swing/JTextArea
Event: 1.141 Loading class javax/swing/JTextArea done
Event: 1.142 Loading class javax/swing/JEditorPane
Event: 1.143 Loading class javax/swing/JEditorPane done
Event: 1.143 Loading class javax/swing/DefaultBoundedRangeModel
Event: 1.143 Loading class javax/swing/BoundedRangeModel
Event: 1.143 Loading class javax/swing/BoundedRangeModel done
Event: 1.143 Loading class javax/swing/DefaultBoundedRangeModel done
Event: 1.143 Loading class javax/swing/JTextField$ScrollRepainter
Event: 1.143 Loading class javax/swing/JTextField$ScrollRepainter done
Event: 1.147 Loading class javax/swing/JButton
Event: 1.148 Loading class javax/swing/AbstractButton
Event: 1.149 Loading class javax/swing/AbstractButton done
Event: 1.149 Loading class javax/swing/JButton done
Event: 1.149 Loading class javax/swing/JPopupMenu
Event: 1.150 Loading class javax/swing/MenuElement
Event: 1.150 Loading class javax/swing/MenuElement done

Classes unloaded (0 events):
No events

Classes redefined (0 events):
No events

Internal exceptions (12 events):
Event: 0.185 Thread 0x0000022ae74dcd70 Exception <a 'sun/nio/fs/WindowsException'{0x000000072eb9b650}> (0x000000072eb9b650) 
thrown [s\open\src\hotspot\share\prims\jni.cpp, line 519]
Event: 0.192 Thread 0x0000022ae74dcd70 Exception <a 'sun/nio/fs/WindowsException'{0x000000072eb9dc70}> (0x000000072eb9dc70) 
thrown [s\open\src\hotspot\share\prims\jni.cpp, line 519]
Event: 0.193 Thread 0x0000022ae74dcd70 Exception <a 'sun/nio/fs/WindowsException'{0x000000072eb9e788}> (0x000000072eb9e788) 
thrown [s\open\src\hotspot\share\prims\jni.cpp, line 519]
Event: 0.327 Thread 0x0000022ae74dcd70 Exception <a 'java/lang/ClassNotFoundException'{0x000000072e91cd78}: sun/awt/resources/spi/awtProvider> (0x000000072e91cd78) 
thrown [s\open\src\hotspot\share\classfile\systemDictionary.cpp, line 305]
Event: 0.398 Thread 0x0000022ae74dcd70 Exception <a 'java/io/FileNotFoundException'{0x000000072e973688}> (0x000000072e973688) 
thrown [s\open\src\hotspot\share\prims\jni.cpp, line 519]
Event: 0.419 Thread 0x0000022ae74dcd70 Exception <a 'java/io/FileNotFoundException'{0x000000072e99d618}> (0x000000072e99d618) 
thrown [s\open\src\hotspot\share\prims\jni.cpp, line 519]
Event: 0.911 Thread 0x0000022ae74dcd70 Exception <a 'java/lang/NoSuchMethodError'{0x000000072e714af0}: 'void java.lang.invoke.DirectMethodHandle$Holder.invokeSpecial(java.lang.Object, java.lang.Object, java.lang.Object)'> (0x000000072e714af0) 
thrown [s\open\src\hotspot\share\interpreter\linkResolver.cpp, line 773]
Event: 0.947 Thread 0x0000022ae74dcd70 Exception <a 'java/lang/NoSuchMethodError'{0x000000072e73f260}: 'java.lang.Object java.lang.invoke.DirectMethodHandle$Holder.newInvokeSpecial(java.lang.Object, java.lang.Object, java.lang.Object, java.lang.Object, java.lang.Object)'> (0x000000072e73f260) 
thrown [s\open\src\hotspot\share\interpreter\linkResolver.cpp, line 773]
Event: 0.973 Thread 0x0000022ae74dcd70 Exception <a 'java/lang/NoSuchMethodError'{0x000000072e76fd50}: 'java.lang.Object java.lang.invoke.DirectMethodHandle$Holder.invokeStatic(java.lang.Object, int, java.lang.Object)'> (0x000000072e76fd50) 
thrown [s\open\src\hotspot\share\interpreter\linkResolver.cpp, line 773]
Event: 1.059 Thread 0x0000022ae74dcd70 Exception <a 'java/lang/ClassNotFoundException'{0x000000072e42b588}: com/sun/swing/internal/plaf/metal/resources/spi/metalProvider> (0x000000072e42b588) 
thrown [s\open\src\hotspot\share\classfile\systemDictionary.cpp, line 305]
Event: 1.063 Thread 0x0000022ae74dcd70 Exception <a 'java/lang/ClassNotFoundException'{0x000000072e42f538}: com/sun/swing/internal/plaf/basic/resources/spi/basicProvider> (0x000000072e42f538) 
thrown [s\open\src\hotspot\share\classfile\systemDictionary.cpp, line 305]
Event: 1.088 Thread 0x0000022ae74dcd70 Exception <a 'java/lang/NoSuchMethodError'{0x000000072e44e738}: 'int java.lang.invoke.Invokers$Holder.invokeExact_MT(java.lang.Object, java.lang.Object)'> (0x000000072e44e738) 
thrown [s\open\src\hotspot\share\interpreter\linkResolver.cpp, line 773]

VM Operations (8 events):
Event: 0.197 Executing VM operation: HandshakeAllThreads
Event: 0.197 Executing VM operation: HandshakeAllThreads done
Event: 0.456 Executing VM operation: HandshakeAllThreads
Event: 0.456 Executing VM operation: HandshakeAllThreads done
Event: 1.135 Executing VM operation: HandshakeAllThreads
Event: 1.135 Executing VM operation: HandshakeAllThreads done
Event: 1.135 Executing VM operation: Cleanup
Event: 1.135 Executing VM operation: Cleanup done

Events (14 events):
Event: 0.054 Thread 0x0000022ae74dcd70 Thread added: 0x0000022ae74dcd70
Event: 0.082 Thread 0x0000022a85fd5f90 Thread added: 0x0000022a85fd5f90
Event: 0.082 Thread 0x0000022a85fd73a0 Thread added: 0x0000022a85fd73a0
Event: 0.083 Thread 0x0000022a85fdcdb0 Thread added: 0x0000022a85fdcdb0
Event: 0.083 Thread 0x0000022a85fe0810 Thread added: 0x0000022a85fe0810
Event: 0.084 Thread 0x0000022a85fe1150 Thread added: 0x0000022a85fe1150
Event: 0.084 Thread 0x0000022a85fe6990 Thread added: 0x0000022a85fe6990
Event: 0.084 Thread 0x0000022a85fe9700 Thread added: 0x0000022a85fe9700
Event: 0.084 Thread 0x0000022a85ff0880 Thread added: 0x0000022a85ff0880
Event: 0.138 Thread 0x0000022a85fa2d60 Thread added: 0x0000022a85fa2d60
Event: 0.236 Thread 0x0000022a8a5858a0 Thread added: 0x0000022a8a5858a0
Event: 0.619 Thread 0x0000022a8a765710 Thread added: 0x0000022a8a765710
Event: 0.622 Thread 0x0000022a8a76bb80 Thread added: 0x0000022a8a76bb80
Event: 0.626 Thread 0x0000022a8a76f5d0 Thread added: 0x0000022a8a76f5d0


Dynamic libraries:
0x00007ff6b3190000 - 0x00007ff6b31a0000 	C:\Program Files\Java\jdk-20\bin\java.exe
0x00007ffbbf0b0000 - 0x00007ffbbf2c7000 	C:\WINDOWS\SYSTEM32\ntdll.dll
0x00007ffbbecb0000 - 0x00007ffbbed74000 	C:\WINDOWS\System32\KERNEL32.DLL
0x00007ffbbc970000 - 0x00007ffbbcd17000 	C:\WINDOWS\System32\KERNELBASE.dll
0x00007ffbbc5f0000 - 0x00007ffbbc701000 	C:\WINDOWS\System32\ucrtbase.dll
0x00007ffbacb90000 - 0x00007ffbacba9000 	C:\Program Files\Java\jdk-20\bin\jli.dll
0x00007ffbbeb60000 - 0x00007ffbbec12000 	C:\WINDOWS\System32\ADVAPI32.dll
0x00007ffbbcde0000 - 0x00007ffbbce87000 	C:\WINDOWS\System32\msvcrt.dll
0x00007ffbacbe0000 - 0x00007ffbacbfb000 	C:\Program Files\Java\jdk-20\bin\VCRUNTIME140.dll
0x00007ffbbe4c0000 - 0x00007ffbbe568000 	C:\WINDOWS\System32\sechost.dll
0x00007ffbbc520000 - 0x00007ffbbc548000 	C:\WINDOWS\System32\bcrypt.dll
0x00007ffbbef50000 - 0x00007ffbbf065000 	C:\WINDOWS\System32\RPCRT4.dll
0x00007ffbbe9b0000 - 0x00007ffbbeb5e000 	C:\WINDOWS\System32\USER32.dll
0x00007ffbbc3d0000 - 0x00007ffbbc3f6000 	C:\WINDOWS\System32\win32u.dll
0x00007ffbbe490000 - 0x00007ffbbe4b9000 	C:\WINDOWS\System32\GDI32.dll
0x00007ffbbc400000 - 0x00007ffbbc519000 	C:\WINDOWS\System32\gdi32full.dll
0x00007ffbbc550000 - 0x00007ffbbc5ea000 	C:\WINDOWS\System32\msvcp_win.dll
0x00007ffbae290000 - 0x00007ffbae523000 	C:\WINDOWS\WinSxS\amd64_microsoft.windows.common-controls_6595b64144ccf1df_6.0.22621.3527_none_270e469b73872a76\COMCTL32.dll
0x00007ffbb23e0000 - 0x00007ffbb23ea000 	C:\WINDOWS\SYSTEM32\VERSION.dll
0x00007ffbbed90000 - 0x00007ffbbedc1000 	C:\WINDOWS\System32\IMM32.DLL
0x00007ffbb2f10000 - 0x00007ffbb2f1c000 	C:\Program Files\Java\jdk-20\bin\vcruntime140_1.dll
0x00007ffb96950000 - 0x00007ffb969de000 	C:\Program Files\Java\jdk-20\bin\msvcp140.dll
0x00007ffafa4d0000 - 0x00007ffafb167000 	C:\Program Files\Java\jdk-20\bin\server\jvm.dll
0x00007ffbb0690000 - 0x00007ffbb0699000 	C:\WINDOWS\SYSTEM32\WSOCK32.dll
0x00007ffbbe410000 - 0x00007ffbbe481000 	C:\WINDOWS\System32\WS2_32.dll
0x00007ffbb6aa0000 - 0x00007ffbb6ad4000 	C:\WINDOWS\SYSTEM32\WINMM.dll
0x00007ffbbb390000 - 0x00007ffbbb3a8000 	C:\WINDOWS\SYSTEM32\kernel.appcore.dll
0x00007ffbb05c0000 - 0x00007ffbb05ca000 	C:\Program Files\Java\jdk-20\bin\jimage.dll
0x00007ffbb9c00000 - 0x00007ffbb9e33000 	C:\WINDOWS\SYSTEM32\DBGHELP.DLL
0x00007ffbbd750000 - 0x00007ffbbdad8000 	C:\WINDOWS\System32\combase.dll
0x00007ffbbedd0000 - 0x00007ffbbeea7000 	C:\WINDOWS\System32\OLEAUT32.dll
0x00007ffbb3370000 - 0x00007ffbb33a2000 	C:\WINDOWS\SYSTEM32\dbgcore.DLL
0x00007ffbbc780000 - 0x00007ffbbc7f9000 	C:\WINDOWS\System32\bcryptPrimitives.dll
0x00007ffb9e5c0000 - 0x00007ffb9e5e6000 	C:\Program Files\Java\jdk-20\bin\java.dll
0x00007ffb7d030000 - 0x00007ffb7d107000 	C:\Program Files\Java\jdk-20\bin\jsvml.dll
0x00007ffbbdbb0000 - 0x00007ffbbe40c000 	C:\WINDOWS\System32\SHELL32.dll
0x00007ffbba310000 - 0x00007ffbbac06000 	C:\WINDOWS\SYSTEM32\windows.storage.dll
0x00007ffbba1d0000 - 0x00007ffbba30e000 	C:\WINDOWS\SYSTEM32\wintypes.dll
0x00007ffbbe570000 - 0x00007ffbbe665000 	C:\WINDOWS\System32\SHCORE.dll
0x00007ffbbd220000 - 0x00007ffbbd27e000 	C:\WINDOWS\System32\shlwapi.dll
0x00007ffbbc300000 - 0x00007ffbbc321000 	C:\WINDOWS\SYSTEM32\profapi.dll
0x00007ffba48d0000 - 0x00007ffba48e3000 	C:\Program Files\Java\jdk-20\bin\net.dll
0x00007ffbb6d70000 - 0x00007ffbb6ea6000 	C:\WINDOWS\SYSTEM32\WINHTTP.dll
0x00007ffbbb860000 - 0x00007ffbbb8c9000 	C:\WINDOWS\system32\mswsock.dll
0x00007ffb98a00000 - 0x00007ffb98a16000 	C:\Program Files\Java\jdk-20\bin\nio.dll
0x00007ffba4c00000 - 0x00007ffba4c18000 	C:\Program Files\Java\jdk-20\bin\zip.dll
0x00007ffb7ce90000 - 0x00007ffb7d021000 	C:\Program Files\Java\jdk-20\bin\awt.dll
0x00007ffbb6210000 - 0x00007ffbb62a7000 	C:\WINDOWS\SYSTEM32\apphelp.dll
0x00007ffbb9670000 - 0x00007ffbb969b000 	C:\WINDOWS\system32\DWMAPI.DLL
0x00007ffbb9430000 - 0x00007ffbb94db000 	C:\WINDOWS\system32\uxtheme.dll
0x00007ffb7d790000 - 0x00007ffb7d890000 	C:\WINDOWS\system32\opengl32.dll
0x00007ffb8b0e0000 - 0x00007ffb8b10d000 	C:\WINDOWS\SYSTEM32\GLU32.dll
0x00007ffbb9510000 - 0x00007ffbb9549000 	C:\WINDOWS\SYSTEM32\dxcore.dll
0x00007ffbbe670000 - 0x00007ffbbe7c3000 	C:\WINDOWS\System32\MSCTF.dll
0x00007ffbbce90000 - 0x00007ffbbd035000 	C:\WINDOWS\System32\ole32.dll
0x00007ffb546d0000 - 0x00007ffb54879000 	C:\WINDOWS\system32\d3d9.dll
0x00007ffb9ebc0000 - 0x00007ffb9ed78000 	C:\WINDOWS\System32\DriverStore\FileRepository\u0379124.inf_amd64_8773bc065cfe07b7\B377477\aticfx64.dll
0x00007ffbb37e0000 - 0x00007ffbb3814000 	C:\WINDOWS\System32\DriverStore\FileRepository\u0379124.inf_amd64_8773bc065cfe07b7\B377477\atiu9p64.dll
0x00007ffb53970000 - 0x00007ffb546c4000 	C:\WINDOWS\System32\DriverStore\FileRepository\u0379124.inf_amd64_8773bc065cfe07b7\B377477\atiumd64.dll
0x000000005a9f0000 - 0x000000005b863000 	C:\WINDOWS\System32\DriverStore\FileRepository\u0379124.inf_amd64_8773bc065cfe07b7\B377477\atiumd6a.dll
0x00007ffbbd280000 - 0x00007ffbbd6f4000 	C:\WINDOWS\System32\SETUPAPI.dll
0x00007ffbbc290000 - 0x00007ffbbc2dd000 	C:\WINDOWS\SYSTEM32\POWRPROF.dll
0x00007ffbbc270000 - 0x00007ffbbc283000 	C:\WINDOWS\SYSTEM32\UMPDC.dll
0x00007ffb9b750000 - 0x00007ffb9b780000 	C:\WINDOWS\SYSTEM32\amdihk64.dll
0x00007ffb9f320000 - 0x00007ffb9f36a000 	C:\WINDOWS\SYSTEM32\directxdatabasehelper.dll
0x00007ffbb3990000 - 0x00007ffbb39a0000 	C:\Program Files\Java\jdk-20\bin\verify.dll

dbghelp: loaded successfully - version: 4.0.5 - missing functions: none
symbol engine: initialized successfully - sym options: 0x614 - pdb path: .;C:\Program Files\Java\jdk-20\bin;C:\WINDOWS\SYSTEM32;C:\WINDOWS\WinSxS\amd64_microsoft.windows.common-controls_6595b64144ccf1df_6.0.22621.3527_none_270e469b73872a76;C:\Program Files\Java\jdk-20\bin\server;C:\WINDOWS\System32\DriverStore\FileRepository\u0379124.inf_amd64_8773bc065cfe07b7\B377477

VM Arguments:
jvm_args: -Dfile.encoding=UTF-8 --module-path=C:\Users\aditi\Documents\NetBeansProjects\Emolyeemanagementsystem\build\classes 
java_command: emolyeemanagementsystem.AddEmployee
java_class_path (initial): C:\Users\aditi\Downloads\drive-download-20240510T183158Z-001\mysql-connector-java-8.0.28.jar;C:\Users\aditi\Downloads\drive-download-20240510T183158Z-001\jcalendar-tz-1.3.3-4.jar;C:\Users\aditi\Documents\NetBeansProjects\Emolyeemanagementsystem\build\classes
Launcher Type: SUN_STANDARD

[Global flags]
     intx CICompilerCount                          = 4                                         {product} {ergonomic}
     uint ConcGCThreads                            = 2                                         {product} {ergonomic}
     uint G1ConcRefinementThreads                  = 8                                         {product} {ergonomic}
   size_t G1HeapRegionSize                         = 2097152                                   {product} {ergonomic}
    uintx GCDrainStackTargetSize                   = 64                                        {product} {ergonomic}
   size_t InitialHeapSize                          = 234881024                                 {product} {ergonomic}
   size_t MarkStackSize                            = 4194304                                   {product} {ergonomic}
   size_t MaxHeapSize                              = 3745513472                                {product} {ergonomic}
   size_t MaxNewSize                               = 2246049792                                {product} {ergonomic}
   size_t MinHeapDeltaBytes                        = 2097152                                   {product} {ergonomic}
   size_t MinHeapSize                              = 8388608                                   {product} {ergonomic}
    uintx NonNMethodCodeHeapSize                   = 5839372                                {pd product} {ergonomic}
    uintx NonProfiledCodeHeapSize                  = 122909434                              {pd product} {ergonomic}
    uintx ProfiledCodeHeapSize                     = 122909434                              {pd product} {ergonomic}
    uintx ReservedCodeCacheSize                    = 251658240                              {pd product} {ergonomic}
     bool SegmentedCodeCache                       = true                                      {product} {ergonomic}
   size_t SoftMaxHeapSize                          = 3745513472                             {manageable} {ergonomic}
     bool UseCompressedClassPointers               = true                           {product lp64_product} {ergonomic}
     bool UseCompressedOops                        = true                           {product lp64_product} {ergonomic}
     bool UseG1GC                                  = true                                      {product} {ergonomic}
     bool UseLargePagesIndividualAllocation        = false                                  {pd product} {ergonomic}

Logging:
Log output configuration:
 #0: stdout all=warning uptime,level,tags foldmultilines=false
 #1: stderr all=off uptime,level,tags foldmultilines=false

Environment Variables:
PATH=C:\Program Files (x86)\Common Files\Intel\Shared Libraries\redist\intel64\compiler;C:\Program Files\Common Files\Oracle\Java\javapath;C:\Program Files\Python311\Scripts\;C:\Program Files\Python311\;C:\Windows\system32;C:\Windows;C:\Windows\System32\Wbem;C:\Windows\System32\WindowsPowerShell\v1.0\;C:\Windows\System32\OpenSSH\;C:\Program Files\Microsoft SQL Server\150\Tools\Binn\;C:\Program Files\Microsoft SQL Server\Client SDK\ODBC\170\Tools\Binn\;C:\Program Files\dotnet\;C:\Users\aditi\AppData\Local\Programs\Python\Python310\Scripts;C:\WINDOWS\system32;C:\WINDOWS;C:\WINDOWS\System32\Wbem;C:\WINDOWS\System32\WindowsPowerShell\v1.0\;C:\WINDOWS\System32\OpenSSH\;C:\MinGW\bin;C:\Program Files\Git\cmd;C:\Program Files\MySQL\MySQL Shell 8.0\bin\;C:\Program Files\MySQL\MySQL Shell 8.4\bin\;C:\Users\aditi\AppData\Local\Microsoft\WindowsApps;C:\Users\aditi\.dotnet\tools;C:\Users\aditi\AppData\Local\Programs\Microsoft VS Code\bin;C:\Program Files\JetBrains\IntelliJ IDEA Community Edition 2023.1\bin;;
USERNAME=aditi
OS=Windows_NT
PROCESSOR_IDENTIFIER=AMD64 Family 23 Model 24 Stepping 1, AuthenticAMD
TMP=C:\Users\aditi\AppData\Local\Temp
TEMP=C:\Users\aditi\AppData\Local\Temp




---------------  S Y S T E M  ---------------

OS:
 Windows 11 , 64 bit Build 22621 (10.0.22621.3527)
OS uptime: 10 days 2:50 hours

CPU: total 8 (initial active 8) (8 cores per cpu, 2 threads per core) family 23 model 24 stepping 1 microcode 0x0, cx8, cmov, fxsr, ht, mmx, 3dnowpref, sse, sse2, sse3, ssse3, sse4a, sse4.1, sse4.2, popcnt, lzcnt, tsc, tscinvbit, avx, avx2, aes, clmul, bmi1, bmi2, adx, sha, fma, vzeroupper, clflush, clflushopt, rdtscp, f16c

Memory: 4k page, system-wide physical 14283M (820M free)
TotalPageFile size 57291M (AvailPageFile size 4M)
current process WorkingSet (physical memory assigned to process): 60M, peak: 60M
current process commit charge ("private bytes"): 330M, peak: 330M

vm_info: Java HotSpot(TM) 64-Bit Server VM (20+36-2344) for windows-amd64 JRE (20+36-2344), built on 2023-02-10T19:30:15Z by "mach5one" with MS VC++ 17.1 (VS2022)

END.
