#
# There is insufficient memory for the Java Runtime Environment to continue.
# Native memory allocation (malloc) failed to allocate 155936 bytes for Chunk::new
# Possible reasons:
#   The system is out of physical RAM or swap space
#   The process is running with CompressedOops enabled, and the Java Heap may be blocking the growth of the native heap
# Possible solutions:
#   Reduce memory load on the system
#   Increase physical memory or swap space
#   Check if swap backing store is full
#   Decrease Java heap size (-Xmx/-Xms)
#   Decrease number of Java threads
#   Decrease Java thread stack sizes (-Xss)
#   Set larger code cache with -XX:ReservedCodeCacheSize=
#   JVM is running with Zero Based Compressed Oops mode in which the Java heap is
#     placed in the first 32GB address space. The Java Heap base address is the
#     maximum limit for the native heap growth. Please use -XX:HeapBaseMinAddress
#     to set the Java Heap base and to place the Java Heap above 32GB virtual address.
# This output file may be truncated or incomplete.
#
#  Out of Memory Error (arena.cpp:184), pid=45076, tid=43920
#
# JRE version: Java(TM) SE Runtime Environment (20.0+36) (build 20+36-2344)
# Java VM: Java HotSpot(TM) 64-Bit Server VM (20+36-2344, mixed mode, sharing, tiered, compressed oops, compressed class ptrs, g1 gc, windows-amd64)
# No core dump will be written. Minidumps are not enabled by default on client versions of Windows
#

---------------  S U M M A R Y ------------

Command Line: -Dfile.encoding=UTF-8 --module-path=C:\Users\aditi\Documents\NetBeansProjects\Emolyeemanagementsystem\build\classes emolyeemanagementsystem.AddEmployee

Host: AMD Ryzen 7 3700U with Radeon Vega Mobile Gfx  , 8 cores, 13G,  Windows 11 , 64 bit Build 22621 (10.0.22621.3527)
Time: Sun May 12 16:15:22 2024 India Standard Time elapsed time: 1.997162 seconds (0d 0h 0m 1s)

---------------  T H R E A D  ---------------

Current thread (0x0000023dbf3694d0):  JavaThread "C2 CompilerThread0" daemon [_thread_in_native, id=43920, stack(0x000000ef81100000,0x000000ef81200000)]


Current CompileTask:
C2:   1997 1203       4       java.util.HashMap::resize (356 bytes)

Stack: [0x000000ef81100000,0x000000ef81200000]
Native frames: (J=compiled Java code, j=interpreted, Vv=VM code, C=native code)
V  [jvm.dll+0x6bb95a]
V  [jvm.dll+0x8483aa]
V  [jvm.dll+0x849fa5]
V  [jvm.dll+0x84a6a3]
V  [jvm.dll+0x280b0f]
V  [jvm.dll+0xc2b11]
V  [jvm.dll+0xc2e35]
V  [jvm.dll+0x2f5dbf]
V  [jvm.dll+0x5e32eb]
V  [jvm.dll+0x2543b4]
V  [jvm.dll+0x24cc3a]
V  [jvm.dll+0x24a549]
V  [jvm.dll+0x1ce491]
V  [jvm.dll+0x259e1b]
V  [jvm.dll+0x2584f0]
V  [jvm.dll+0x3f2895]
V  [jvm.dll+0x7f4906]
V  [jvm.dll+0x6ba5cb]
C  [ucrtbase.dll+0x29333]
C  [KERNEL32.DLL+0x1257d]
C  [ntdll.dll+0x5aa48]


---------------  P R O C E S S  ---------------

Threads class SMR info:
_java_thread_list=0x0000023dc5162240, length=18, elements={
0x0000023dbf35f1c0, 0x0000023dbf35ffc0, 0x0000023dbf3613b0, 0x0000023dbf363390,
0x0000023dbf367df0, 0x0000023dbf368860, 0x0000023dbf3694d0, 0x0000023dbf373fa0,
0x0000023dc3cf6930, 0x0000023dc3daaf80, 0x0000023dc3e955a0, 0x0000023dc3ed1010,
0x0000023dc3f4ecb0, 0x0000023dc4e651d0, 0x0000023dc4e63740, 0x0000023dc4e64730,
0x0000023dc4e62ca0, 0x0000023dc52c7d10
}

Java Threads: ( => current thread )
  0x0000023dbf35f1c0 JavaThread "Reference Handler" daemon [_thread_blocked, id=30272, stack(0x000000ef80b00000,0x000000ef80c00000)]
  0x0000023dbf35ffc0 JavaThread "Finalizer" daemon [_thread_blocked, id=31308, stack(0x000000ef80c00000,0x000000ef80d00000)]
  0x0000023dbf3613b0 JavaThread "Signal Dispatcher" daemon [_thread_blocked, id=39324, stack(0x000000ef80d00000,0x000000ef80e00000)]
  0x0000023dbf363390 JavaThread "Attach Listener" daemon [_thread_blocked, id=3460, stack(0x000000ef80e00000,0x000000ef80f00000)]
  0x0000023dbf367df0 JavaThread "Service Thread" daemon [_thread_blocked, id=1068, stack(0x000000ef80f00000,0x000000ef81000000)]
  0x0000023dbf368860 JavaThread "Monitor Deflation Thread" daemon [_thread_blocked, id=45356, stack(0x000000ef81000000,0x000000ef81100000)]
=>0x0000023dbf3694d0 JavaThread "C2 CompilerThread0" daemon [_thread_in_native, id=43920, stack(0x000000ef81100000,0x000000ef81200000)]
  0x0000023dbf373fa0 JavaThread "C1 CompilerThread0" daemon [_thread_in_native, id=39384, stack(0x000000ef81200000,0x000000ef81300000)]
  0x0000023dc3cf6930 JavaThread "Common-Cleaner" daemon [_thread_blocked, id=35572, stack(0x000000ef81300000,0x000000ef81400000)]
  0x0000023dc3daaf80 JavaThread "Notification Thread" daemon [_thread_blocked, id=23604, stack(0x000000ef81400000,0x000000ef81500000)]
  0x0000023dc3e955a0 JavaThread "Java2D Disposer" daemon [_thread_blocked, id=44224, stack(0x000000ef81600000,0x000000ef81700000)]
  0x0000023dc3ed1010 JavaThread "AWT-Shutdown" [_thread_blocked, id=20016, stack(0x000000ef81700000,0x000000ef81800000)]
  0x0000023dc3f4ecb0 JavaThread "AWT-Windows" daemon [_thread_in_native, id=2240, stack(0x000000ef81800000,0x000000ef81900000)]
  0x0000023dc4e651d0 JavaThread "AWT-EventQueue-0" [_thread_in_vm, id=44328, stack(0x000000ef82200000,0x000000ef82300000)]
  0x0000023dc4e63740 JavaThread "Image Fetcher 0" daemon [_thread_blocked, id=6652, stack(0x000000ef82100000,0x000000ef82200000)]
  0x0000023dc4e64730 JavaThread "DestroyJavaVM" [_thread_blocked, id=44920, stack(0x000000ef80400000,0x000000ef80500000)]
  0x0000023dc4e62ca0 JavaThread "D3D Screen Updater" daemon [_thread_blocked, id=31836, stack(0x000000ef82400000,0x000000ef82500000)]
  0x0000023dc52c7d10 JavaThread "C2 CompilerThread1" daemon [_thread_blocked, id=19832, stack(0x000000ef82500000,0x000000ef82600000)]

Other Threads:
  0x0000023dbf341630 VMThread "VM Thread" [stack: 0x000000ef80a00000,0x000000ef80b00000] [id=35732]
  0x0000023dc3e2e8b0 WatcherThread "VM Periodic Task Thread" [stack: 0x000000ef81500000,0x000000ef81600000] [id=7640]
  0x0000023d9ef76100 WorkerThread "GC Thread#0" [stack: 0x000000ef80500000,0x000000ef80600000] [id=41248]
  0x0000023d9ef84f50 ConcurrentGCThread "G1 Main Marker" [stack: 0x000000ef80600000,0x000000ef80700000] [id=44564]
  0x0000023d9ef85b20 WorkerThread "G1 Conc#0" [stack: 0x000000ef80700000,0x000000ef80800000] [id=25068]
  0x0000023d9efc9ad0 ConcurrentGCThread "G1 Refine#0" [stack: 0x000000ef80800000,0x000000ef80900000] [id=45140]
  0x0000023dbf205640 ConcurrentGCThread "G1 Service" [stack: 0x000000ef80900000,0x000000ef80a00000] [id=38844]

Threads with active compile tasks:
C2 CompilerThread0     2030 1203       4       java.util.HashMap::resize (356 bytes)

VM state: not at safepoint (normal execution)

VM Mutex/Monitor currently owned by a thread: None

Heap address: 0x0000000720c00000, size: 3572 MB, Compressed Oops mode: Zero based, Oop shift amount: 3

CDS archive(s) mapped at: [0x0000000800000000-0x0000000800c60000-0x0000000800c60000), size 12976128, SharedBaseAddress: 0x0000000800000000, ArchiveRelocationMode: 0.
Compressed class space mapped at: 0x0000000801000000-0x0000000841000000, reserved size: 1073741824
Narrow klass base: 0x0000000800000000, Narrow klass shift: 0, Narrow klass range: 0x100000000

GC Precious Log:
 CardTable entry size: 512
 Card Set container configuration: InlinePtr #cards 4 size 8 Array Of Cards #cards 16 size 48 Howl #buckets 8 coarsen threshold 3686 Howl Bitmap #cards 512 size 80 coarsen threshold 460 Card regions per heap region 1 cards per card region 4096
 CPUs: 8 total, 8 available
 Memory: 14283M
 Large Page Support: Disabled
 NUMA Support: Disabled
 Compressed Oops: Enabled (Zero based)
 Heap Region Size: 2M
 Heap Min Capacity: 8M
 Heap Initial Capacity: 224M
 Heap Max Capacity: 3572M
 Pre-touch: Disabled
 Parallel Workers: 8
 Concurrent Workers: 2
 Concurrent Refinement Workers: 8
 Periodic GC: Disabled

Heap:
 garbage-first heap   total 229376K, used 12288K [0x0000000720c00000, 0x0000000800000000)
  region size 2048K, 7 young (14336K), 0 survivors (0K)
 Metaspace       used 9938K, committed 10176K, reserved 1114112K
  class space    used 1221K, committed 1344K, reserved 1048576K

Heap Regions: E=young(eden), S=young(survivor), O=old, HS=humongous(starts), HC=humongous(continues), CS=collection set, F=free, OA=open archive, CA=closed archive, TAMS=top-at-mark-start, PB=parsable bottom
|   0|0x0000000720c00000, 0x0000000720c00000, 0x0000000720e00000|  0%| F|  |TAMS 0x0000000720c00000| PB 0x0000000720c00000| Untracked 
|   1|0x0000000720e00000, 0x0000000720e00000, 0x0000000721000000|  0%| F|  |TAMS 0x0000000720e00000| PB 0x0000000720e00000| Untracked 
|   2|0x0000000721000000, 0x0000000721000000, 0x0000000721200000|  0%| F|  |TAMS 0x0000000721000000| PB 0x0000000721000000| Untracked 
|   3|0x0000000721200000, 0x0000000721200000, 0x0000000721400000|  0%| F|  |TAMS 0x0000000721200000| PB 0x0000000721200000| Untracked 
|   4|0x0000000721400000, 0x0000000721400000, 0x0000000721600000|  0%| F|  |TAMS 0x0000000721400000| PB 0x0000000721400000| Untracked 
|   5|0x0000000721600000, 0x0000000721600000, 0x0000000721800000|  0%| F|  |TAMS 0x0000000721600000| PB 0x0000000721600000| Untracked 
|   6|0x0000000721800000, 0x0000000721800000, 0x0000000721a00000|  0%| F|  |TAMS 0x0000000721800000| PB 0x0000000721800000| Untracked 
|   7|0x0000000721a00000, 0x0000000721a00000, 0x0000000721c00000|  0%| F|  |TAMS 0x0000000721a00000| PB 0x0000000721a00000| Untracked 
|   8|0x0000000721c00000, 0x0000000721c00000, 0x0000000721e00000|  0%| F|  |TAMS 0x0000000721c00000| PB 0x0000000721c00000| Untracked 
|   9|0x0000000721e00000, 0x0000000721e00000, 0x0000000722000000|  0%| F|  |TAMS 0x0000000721e00000| PB 0x0000000721e00000| Untracked 
|  10|0x0000000722000000, 0x0000000722000000, 0x0000000722200000|  0%| F|  |TAMS 0x0000000722000000| PB 0x0000000722000000| Untracked 
|  11|0x0000000722200000, 0x0000000722200000, 0x0000000722400000|  0%| F|  |TAMS 0x0000000722200000| PB 0x0000000722200000| Untracked 
|  12|0x0000000722400000, 0x0000000722400000, 0x0000000722600000|  0%| F|  |TAMS 0x0000000722400000| PB 0x0000000722400000| Untracked 
|  13|0x0000000722600000, 0x0000000722600000, 0x0000000722800000|  0%| F|  |TAMS 0x0000000722600000| PB 0x0000000722600000| Untracked 
|  14|0x0000000722800000, 0x0000000722800000, 0x0000000722a00000|  0%| F|  |TAMS 0x0000000722800000| PB 0x0000000722800000| Untracked 
|  15|0x0000000722a00000, 0x0000000722a00000, 0x0000000722c00000|  0%| F|  |TAMS 0x0000000722a00000| PB 0x0000000722a00000| Untracked 
|  16|0x0000000722c00000, 0x0000000722c00000, 0x0000000722e00000|  0%| F|  |TAMS 0x0000000722c00000| PB 0x0000000722c00000| Untracked 
|  17|0x0000000722e00000, 0x0000000722e00000, 0x0000000723000000|  0%| F|  |TAMS 0x0000000722e00000| PB 0x0000000722e00000| Untracked 
|  18|0x0000000723000000, 0x0000000723000000, 0x0000000723200000|  0%| F|  |TAMS 0x0000000723000000| PB 0x0000000723000000| Untracked 
|  19|0x0000000723200000, 0x0000000723200000, 0x0000000723400000|  0%| F|  |TAMS 0x0000000723200000| PB 0x0000000723200000| Untracked 
|  20|0x0000000723400000, 0x0000000723400000, 0x0000000723600000|  0%| F|  |TAMS 0x0000000723400000| PB 0x0000000723400000| Untracked 
|  21|0x0000000723600000, 0x0000000723600000, 0x0000000723800000|  0%| F|  |TAMS 0x0000000723600000| PB 0x0000000723600000| Untracked 
|  22|0x0000000723800000, 0x0000000723800000, 0x0000000723a00000|  0%| F|  |TAMS 0x0000000723800000| PB 0x0000000723800000| Untracked 
|  23|0x0000000723a00000, 0x0000000723a00000, 0x0000000723c00000|  0%| F|  |TAMS 0x0000000723a00000| PB 0x0000000723a00000| Untracked 
|  24|0x0000000723c00000, 0x0000000723c00000, 0x0000000723e00000|  0%| F|  |TAMS 0x0000000723c00000| PB 0x0000000723c00000| Untracked 
|  25|0x0000000723e00000, 0x0000000723e00000, 0x0000000724000000|  0%| F|  |TAMS 0x0000000723e00000| PB 0x0000000723e00000| Untracked 
|  26|0x0000000724000000, 0x0000000724000000, 0x0000000724200000|  0%| F|  |TAMS 0x0000000724000000| PB 0x0000000724000000| Untracked 
|  27|0x0000000724200000, 0x0000000724200000, 0x0000000724400000|  0%| F|  |TAMS 0x0000000724200000| PB 0x0000000724200000| Untracked 
|  28|0x0000000724400000, 0x0000000724400000, 0x0000000724600000|  0%| F|  |TAMS 0x0000000724400000| PB 0x0000000724400000| Untracked 
|  29|0x0000000724600000, 0x0000000724600000, 0x0000000724800000|  0%| F|  |TAMS 0x0000000724600000| PB 0x0000000724600000| Untracked 
|  30|0x0000000724800000, 0x0000000724800000, 0x0000000724a00000|  0%| F|  |TAMS 0x0000000724800000| PB 0x0000000724800000| Untracked 
|  31|0x0000000724a00000, 0x0000000724a00000, 0x0000000724c00000|  0%| F|  |TAMS 0x0000000724a00000| PB 0x0000000724a00000| Untracked 
|  32|0x0000000724c00000, 0x0000000724c00000, 0x0000000724e00000|  0%| F|  |TAMS 0x0000000724c00000| PB 0x0000000724c00000| Untracked 
|  33|0x0000000724e00000, 0x0000000724e00000, 0x0000000725000000|  0%| F|  |TAMS 0x0000000724e00000| PB 0x0000000724e00000| Untracked 
|  34|0x0000000725000000, 0x0000000725000000, 0x0000000725200000|  0%| F|  |TAMS 0x0000000725000000| PB 0x0000000725000000| Untracked 
|  35|0x0000000725200000, 0x0000000725200000, 0x0000000725400000|  0%| F|  |TAMS 0x0000000725200000| PB 0x0000000725200000| Untracked 
|  36|0x0000000725400000, 0x0000000725400000, 0x0000000725600000|  0%| F|  |TAMS 0x0000000725400000| PB 0x0000000725400000| Untracked 
|  37|0x0000000725600000, 0x0000000725600000, 0x0000000725800000|  0%| F|  |TAMS 0x0000000725600000| PB 0x0000000725600000| Untracked 
|  38|0x0000000725800000, 0x0000000725800000, 0x0000000725a00000|  0%| F|  |TAMS 0x0000000725800000| PB 0x0000000725800000| Untracked 
|  39|0x0000000725a00000, 0x0000000725a00000, 0x0000000725c00000|  0%| F|  |TAMS 0x0000000725a00000| PB 0x0000000725a00000| Untracked 
|  40|0x0000000725c00000, 0x0000000725c00000, 0x0000000725e00000|  0%| F|  |TAMS 0x0000000725c00000| PB 0x0000000725c00000| Untracked 
|  41|0x0000000725e00000, 0x0000000725e00000, 0x0000000726000000|  0%| F|  |TAMS 0x0000000725e00000| PB 0x0000000725e00000| Untracked 
|  42|0x0000000726000000, 0x0000000726000000, 0x0000000726200000|  0%| F|  |TAMS 0x0000000726000000| PB 0x0000000726000000| Untracked 
|  43|0x0000000726200000, 0x0000000726200000, 0x0000000726400000|  0%| F|  |TAMS 0x0000000726200000| PB 0x0000000726200000| Untracked 
|  44|0x0000000726400000, 0x0000000726400000, 0x0000000726600000|  0%| F|  |TAMS 0x0000000726400000| PB 0x0000000726400000| Untracked 
|  45|0x0000000726600000, 0x0000000726600000, 0x0000000726800000|  0%| F|  |TAMS 0x0000000726600000| PB 0x0000000726600000| Untracked 
|  46|0x0000000726800000, 0x0000000726800000, 0x0000000726a00000|  0%| F|  |TAMS 0x0000000726800000| PB 0x0000000726800000| Untracked 
|  47|0x0000000726a00000, 0x0000000726a00000, 0x0000000726c00000|  0%| F|  |TAMS 0x0000000726a00000| PB 0x0000000726a00000| Untracked 
|  48|0x0000000726c00000, 0x0000000726c00000, 0x0000000726e00000|  0%| F|  |TAMS 0x0000000726c00000| PB 0x0000000726c00000| Untracked 
|  49|0x0000000726e00000, 0x0000000726e00000, 0x0000000727000000|  0%| F|  |TAMS 0x0000000726e00000| PB 0x0000000726e00000| Untracked 
|  50|0x0000000727000000, 0x0000000727000000, 0x0000000727200000|  0%| F|  |TAMS 0x0000000727000000| PB 0x0000000727000000| Untracked 
|  51|0x0000000727200000, 0x0000000727200000, 0x0000000727400000|  0%| F|  |TAMS 0x0000000727200000| PB 0x0000000727200000| Untracked 
|  52|0x0000000727400000, 0x0000000727400000, 0x0000000727600000|  0%| F|  |TAMS 0x0000000727400000| PB 0x0000000727400000| Untracked 
|  53|0x0000000727600000, 0x0000000727600000, 0x0000000727800000|  0%| F|  |TAMS 0x0000000727600000| PB 0x0000000727600000| Untracked 
|  54|0x0000000727800000, 0x0000000727800000, 0x0000000727a00000|  0%| F|  |TAMS 0x0000000727800000| PB 0x0000000727800000| Untracked 
|  55|0x0000000727a00000, 0x0000000727a00000, 0x0000000727c00000|  0%| F|  |TAMS 0x0000000727a00000| PB 0x0000000727a00000| Untracked 
|  56|0x0000000727c00000, 0x0000000727c00000, 0x0000000727e00000|  0%| F|  |TAMS 0x0000000727c00000| PB 0x0000000727c00000| Untracked 
|  57|0x0000000727e00000, 0x0000000727e00000, 0x0000000728000000|  0%| F|  |TAMS 0x0000000727e00000| PB 0x0000000727e00000| Untracked 
|  58|0x0000000728000000, 0x0000000728000000, 0x0000000728200000|  0%| F|  |TAMS 0x0000000728000000| PB 0x0000000728000000| Untracked 
|  59|0x0000000728200000, 0x0000000728200000, 0x0000000728400000|  0%| F|  |TAMS 0x0000000728200000| PB 0x0000000728200000| Untracked 
|  60|0x0000000728400000, 0x0000000728400000, 0x0000000728600000|  0%| F|  |TAMS 0x0000000728400000| PB 0x0000000728400000| Untracked 
|  61|0x0000000728600000, 0x0000000728600000, 0x0000000728800000|  0%| F|  |TAMS 0x0000000728600000| PB 0x0000000728600000| Untracked 
|  62|0x0000000728800000, 0x0000000728800000, 0x0000000728a00000|  0%| F|  |TAMS 0x0000000728800000| PB 0x0000000728800000| Untracked 
|  63|0x0000000728a00000, 0x0000000728a00000, 0x0000000728c00000|  0%| F|  |TAMS 0x0000000728a00000| PB 0x0000000728a00000| Untracked 
|  64|0x0000000728c00000, 0x0000000728c00000, 0x0000000728e00000|  0%| F|  |TAMS 0x0000000728c00000| PB 0x0000000728c00000| Untracked 
|  65|0x0000000728e00000, 0x0000000728e00000, 0x0000000729000000|  0%| F|  |TAMS 0x0000000728e00000| PB 0x0000000728e00000| Untracked 
|  66|0x0000000729000000, 0x0000000729000000, 0x0000000729200000|  0%| F|  |TAMS 0x0000000729000000| PB 0x0000000729000000| Untracked 
|  67|0x0000000729200000, 0x0000000729200000, 0x0000000729400000|  0%| F|  |TAMS 0x0000000729200000| PB 0x0000000729200000| Untracked 
|  68|0x0000000729400000, 0x0000000729400000, 0x0000000729600000|  0%| F|  |TAMS 0x0000000729400000| PB 0x0000000729400000| Untracked 
|  69|0x0000000729600000, 0x0000000729600000, 0x0000000729800000|  0%| F|  |TAMS 0x0000000729600000| PB 0x0000000729600000| Untracked 
|  70|0x0000000729800000, 0x0000000729800000, 0x0000000729a00000|  0%| F|  |TAMS 0x0000000729800000| PB 0x0000000729800000| Untracked 
|  71|0x0000000729a00000, 0x0000000729a00000, 0x0000000729c00000|  0%| F|  |TAMS 0x0000000729a00000| PB 0x0000000729a00000| Untracked 
|  72|0x0000000729c00000, 0x0000000729c00000, 0x0000000729e00000|  0%| F|  |TAMS 0x0000000729c00000| PB 0x0000000729c00000| Untracked 
|  73|0x0000000729e00000, 0x0000000729e00000, 0x000000072a000000|  0%| F|  |TAMS 0x0000000729e00000| PB 0x0000000729e00000| Untracked 
|  74|0x000000072a000000, 0x000000072a000000, 0x000000072a200000|  0%| F|  |TAMS 0x000000072a000000| PB 0x000000072a000000| Untracked 
|  75|0x000000072a200000, 0x000000072a200000, 0x000000072a400000|  0%| F|  |TAMS 0x000000072a200000| PB 0x000000072a200000| Untracked 
|  76|0x000000072a400000, 0x000000072a400000, 0x000000072a600000|  0%| F|  |TAMS 0x000000072a400000| PB 0x000000072a400000| Untracked 
|  77|0x000000072a600000, 0x000000072a600000, 0x000000072a800000|  0%| F|  |TAMS 0x000000072a600000| PB 0x000000072a600000| Untracked 
|  78|0x000000072a800000, 0x000000072a800000, 0x000000072aa00000|  0%| F|  |TAMS 0x000000072a800000| PB 0x000000072a800000| Untracked 
|  79|0x000000072aa00000, 0x000000072aa00000, 0x000000072ac00000|  0%| F|  |TAMS 0x000000072aa00000| PB 0x000000072aa00000| Untracked 
|  80|0x000000072ac00000, 0x000000072ac00000, 0x000000072ae00000|  0%| F|  |TAMS 0x000000072ac00000| PB 0x000000072ac00000| Untracked 
|  81|0x000000072ae00000, 0x000000072ae00000, 0x000000072b000000|  0%| F|  |TAMS 0x000000072ae00000| PB 0x000000072ae00000| Untracked 
|  82|0x000000072b000000, 0x000000072b000000, 0x000000072b200000|  0%| F|  |TAMS 0x000000072b000000| PB 0x000000072b000000| Untracked 
|  83|0x000000072b200000, 0x000000072b200000, 0x000000072b400000|  0%| F|  |TAMS 0x000000072b200000| PB 0x000000072b200000| Untracked 
|  84|0x000000072b400000, 0x000000072b400000, 0x000000072b600000|  0%| F|  |TAMS 0x000000072b400000| PB 0x000000072b400000| Untracked 
|  85|0x000000072b600000, 0x000000072b600000, 0x000000072b800000|  0%| F|  |TAMS 0x000000072b600000| PB 0x000000072b600000| Untracked 
|  86|0x000000072b800000, 0x000000072b800000, 0x000000072ba00000|  0%| F|  |TAMS 0x000000072b800000| PB 0x000000072b800000| Untracked 
|  87|0x000000072ba00000, 0x000000072ba00000, 0x000000072bc00000|  0%| F|  |TAMS 0x000000072ba00000| PB 0x000000072ba00000| Untracked 
|  88|0x000000072bc00000, 0x000000072bc00000, 0x000000072be00000|  0%| F|  |TAMS 0x000000072bc00000| PB 0x000000072bc00000| Untracked 
|  89|0x000000072be00000, 0x000000072be00000, 0x000000072c000000|  0%| F|  |TAMS 0x000000072be00000| PB 0x000000072be00000| Untracked 
|  90|0x000000072c000000, 0x000000072c000000, 0x000000072c200000|  0%| F|  |TAMS 0x000000072c000000| PB 0x000000072c000000| Untracked 
|  91|0x000000072c200000, 0x000000072c200000, 0x000000072c400000|  0%| F|  |TAMS 0x000000072c200000| PB 0x000000072c200000| Untracked 
|  92|0x000000072c400000, 0x000000072c400000, 0x000000072c600000|  0%| F|  |TAMS 0x000000072c400000| PB 0x000000072c400000| Untracked 
|  93|0x000000072c600000, 0x000000072c600000, 0x000000072c800000|  0%| F|  |TAMS 0x000000072c600000| PB 0x000000072c600000| Untracked 
|  94|0x000000072c800000, 0x000000072c800000, 0x000000072ca00000|  0%| F|  |TAMS 0x000000072c800000| PB 0x000000072c800000| Untracked 
|  95|0x000000072ca00000, 0x000000072ca00000, 0x000000072cc00000|  0%| F|  |TAMS 0x000000072ca00000| PB 0x000000072ca00000| Untracked 
|  96|0x000000072cc00000, 0x000000072cc00000, 0x000000072ce00000|  0%| F|  |TAMS 0x000000072cc00000| PB 0x000000072cc00000| Untracked 
|  97|0x000000072ce00000, 0x000000072ce00000, 0x000000072d000000|  0%| F|  |TAMS 0x000000072ce00000| PB 0x000000072ce00000| Untracked 
|  98|0x000000072d000000, 0x000000072d000000, 0x000000072d200000|  0%| F|  |TAMS 0x000000072d000000| PB 0x000000072d000000| Untracked 
|  99|0x000000072d200000, 0x000000072d200000, 0x000000072d400000|  0%| F|  |TAMS 0x000000072d200000| PB 0x000000072d200000| Untracked 
| 100|0x000000072d400000, 0x000000072d400000, 0x000000072d600000|  0%| F|  |TAMS 0x000000072d400000| PB 0x000000072d400000| Untracked 
| 101|0x000000072d600000, 0x000000072d600000, 0x000000072d800000|  0%| F|  |TAMS 0x000000072d600000| PB 0x000000072d600000| Untracked 
| 102|0x000000072d800000, 0x000000072d800000, 0x000000072da00000|  0%| F|  |TAMS 0x000000072d800000| PB 0x000000072d800000| Untracked 
| 103|0x000000072da00000, 0x000000072da00000, 0x000000072dc00000|  0%| F|  |TAMS 0x000000072da00000| PB 0x000000072da00000| Untracked 
| 104|0x000000072dc00000, 0x000000072dc00000, 0x000000072de00000|  0%| F|  |TAMS 0x000000072dc00000| PB 0x000000072dc00000| Untracked 
| 105|0x000000072de00000, 0x000000072de772b8, 0x000000072e000000| 23%| E|  |TAMS 0x000000072de00000| PB 0x000000072de00000| Complete 
| 106|0x000000072e000000, 0x000000072e200000, 0x000000072e200000|100%| E|CS|TAMS 0x000000072e000000| PB 0x000000072e000000| Complete 
| 107|0x000000072e200000, 0x000000072e400000, 0x000000072e400000|100%| E|CS|TAMS 0x000000072e200000| PB 0x000000072e200000| Complete 
| 108|0x000000072e400000, 0x000000072e600000, 0x000000072e600000|100%| E|CS|TAMS 0x000000072e400000| PB 0x000000072e400000| Complete 
| 109|0x000000072e600000, 0x000000072e800000, 0x000000072e800000|100%| E|CS|TAMS 0x000000072e600000| PB 0x000000072e600000| Complete 
| 110|0x000000072e800000, 0x000000072ea00000, 0x000000072ea00000|100%| E|CS|TAMS 0x000000072e800000| PB 0x000000072e800000| Complete 
| 111|0x000000072ea00000, 0x000000072ec00000, 0x000000072ec00000|100%| E|CS|TAMS 0x000000072ea00000| PB 0x000000072ea00000| Complete 

Card table byte_map: [0x0000023db8920000,0x0000023db9020000] _byte_map_base: 0x0000023db501a000

Marking Bits: (CMBitMap*) 0x0000023d9ef76730
 Bits: [0x0000023db9720000, 0x0000023dbcef0000)

Polling page: 0x0000023d9efd0000

Metaspace:

Usage:
  Non-class:      8.52 MB used.
      Class:      1.19 MB used.
       Both:      9.71 MB used.

Virtual space:
  Non-class space:       64.00 MB reserved,       8.62 MB ( 13%) committed,  1 nodes.
      Class space:        1.00 GB reserved,       1.31 MB ( <1%) committed,  1 nodes.
             Both:        1.06 GB reserved,       9.94 MB ( <1%) committed. 

Chunk freelists:
   Non-Class:  2.98 MB
       Class:  2.72 MB
        Both:  5.70 MB

MaxMetaspaceSize: unlimited
CompressedClassSpaceSize: 1.00 GB
Initial GC threshold: 21.00 MB
Current GC threshold: 21.00 MB
CDS: on
MetaspaceReclaimPolicy: balanced
 - commit_granule_bytes: 65536.
 - commit_granule_words: 8192.
 - virtual_space_node_default_size: 8388608.
 - enlarge_chunks_in_place: 1.
 - new_chunks_are_fully_committed: 0.
 - uncommit_free_chunks: 1.
 - use_allocation_guard: 0.


Internal statistics:

num_allocs_failed_limit: 0.
num_arena_births: 152.
num_arena_deaths: 0.
num_vsnodes_births: 2.
num_vsnodes_deaths: 0.
num_space_committed: 159.
num_space_uncommitted: 0.
num_chunks_returned_to_freelist: 0.
num_chunks_taken_from_freelist: 212.
num_chunk_merges: 0.
num_chunk_splits: 124.
num_chunks_enlarged: 49.
num_inconsistent_stats: 0.

CodeHeap 'non-profiled nmethods': size=120000Kb used=377Kb max_used=377Kb free=119622Kb
 bounds [0x0000023db0280000, 0x0000023db04f0000, 0x0000023db77b0000]
CodeHeap 'profiled nmethods': size=120000Kb used=1926Kb max_used=1926Kb free=118073Kb
 bounds [0x0000023da87b0000, 0x0000023da8a20000, 0x0000023dafce0000]
CodeHeap 'non-nmethods': size=5760Kb used=1652Kb max_used=1666Kb free=4108Kb
 bounds [0x0000023dafce0000, 0x0000023daff50000, 0x0000023db0280000]
 total_blobs=1936 nmethods=1281 adapters=565
 compilation: enabled
              stopped_count=0, restarted_count=0
 full_count=0

Compilation events (20 events):
Event: 1.985 Thread 0x0000023dbf373fa0 1199       3       java.lang.StringLatin1::toLowerCase (186 bytes)
Event: 1.986 Thread 0x0000023dbf3694d0 1201       4       java.lang.String::<init> (15 bytes)
Event: 1.986 Thread 0x0000023dbf373fa0 nmethod 1199 0x0000023da896e690 code [0x0000023da896e900, 0x0000023da896f448]
Event: 1.986 Thread 0x0000023dbf373fa0 1200       3       java.lang.String::toLowerCase (29 bytes)
Event: 1.987 Thread 0x0000023dbf373fa0 nmethod 1200 0x0000023da896f890 code [0x0000023da896fa40, 0x0000023da896fd08]
Event: 1.988 Thread 0x0000023dbf3694d0 nmethod 1201 0x0000023db02db210 code [0x0000023db02db380, 0x0000023db02db4d8]
Event: 1.988 Thread 0x0000023dbf3694d0 1203       4       java.util.HashMap::resize (356 bytes)
Event: 1.991 Thread 0x0000023dbf373fa0 1204       3       jdk.internal.misc.Unsafe::getIntUnaligned (12 bytes)
Event: 1.991 Thread 0x0000023dbf373fa0 nmethod 1204 0x0000023da896fe10 code [0x0000023da896ffa0, 0x0000023da8970208]
Event: 1.991 Thread 0x0000023dbf373fa0 1205       1       java.nio.Buffer::capacity (5 bytes)
Event: 1.991 Thread 0x0000023dbf373fa0 nmethod 1205 0x0000023db02db590 code [0x0000023db02db700, 0x0000023db02db7c8]
Event: 1.991 Thread 0x0000023dbf373fa0 1206       3       java.nio.HeapByteBuffer::ix (7 bytes)
Event: 1.992 Thread 0x0000023dbf373fa0 nmethod 1206 0x0000023da8970310 code [0x0000023da89704a0, 0x0000023da89705b0]
Event: 1.992 Thread 0x0000023dbf373fa0 1208       3       java.lang.Character::isSurrogate (18 bytes)
Event: 1.992 Thread 0x0000023dbf373fa0 nmethod 1208 0x0000023da8970610 code [0x0000023da89707a0, 0x0000023da8970928]
Event: 1.992 Thread 0x0000023dbf373fa0 1207       3       java.nio.HeapByteBuffer::get (14 bytes)
Event: 1.993 Thread 0x0000023dbf373fa0 nmethod 1207 0x0000023da8970990 code [0x0000023da8970b40, 0x0000023da8970e20]
Event: 1.993 Thread 0x0000023dbf373fa0 1211       3       java.nio.Buffer::remaining (20 bytes)
Event: 1.993 Thread 0x0000023dbf373fa0 nmethod 1211 0x0000023da8970f90 code [0x0000023da8971120, 0x0000023da89712b0]
Event: 1.993 Thread 0x0000023dbf373fa0 1210       3       java.nio.Buffer::limit (65 bytes)

GC Heap History (0 events):
No events

Dll operation events (10 events):
Event: 0.016 Loaded shared library C:\Program Files\Java\jdk-20\bin\java.dll
Event: 0.032 Loaded shared library C:\Program Files\Java\jdk-20\bin\jsvml.dll
Event: 0.116 Loaded shared library C:\Program Files\Java\jdk-20\bin\net.dll
Event: 0.119 Loaded shared library C:\Program Files\Java\jdk-20\bin\nio.dll
Event: 0.174 Loaded shared library C:\Program Files\Java\jdk-20\bin\zip.dll
Event: 0.216 Loaded shared library C:\Program Files\Java\jdk-20\bin\jimage.dll
Event: 0.253 Loaded shared library C:\Program Files\Java\jdk-20\bin\awt.dll
Event: 1.035 Loaded shared library C:\Program Files\Java\jdk-20\bin\verify.dll
Event: 1.237 Loaded shared library C:\Program Files\Java\jdk-20\bin\freetype.dll
Event: 1.239 Loaded shared library C:\Program Files\Java\jdk-20\bin\fontmanager.dll

Deoptimization events (20 events):
Event: 1.265 Thread 0x0000023d9ef0d560 Uncommon trap: trap_request=0xffffff45 fr.pc=0x0000023db02b17d4 relative=0x00000000000001d4
Event: 1.265 Thread 0x0000023d9ef0d560 Uncommon trap: reason=unstable_if action=reinterpret pc=0x0000023db02b17d4 method=java.lang.StringUTF16.compress([CI[BII)I @ 20 c2
Event: 1.265 Thread 0x0000023d9ef0d560 DEOPT PACKING pc=0x0000023db02b17d4 sp=0x000000ef804fd6d0
Event: 1.265 Thread 0x0000023d9ef0d560 DEOPT UNPACKING pc=0x0000023dafd49d22 sp=0x000000ef804fd640 mode 2
Event: 1.327 Thread 0x0000023d9ef0d560 Uncommon trap: trap_request=0xffffff45 fr.pc=0x0000023db02b68d0 relative=0x0000000000000150
Event: 1.327 Thread 0x0000023d9ef0d560 Uncommon trap: reason=unstable_if action=reinterpret pc=0x0000023db02b68d0 method=java.util.concurrent.locks.ReentrantLock$NonfairSync.initialTryLock()Z @ 10 c2
Event: 1.327 Thread 0x0000023d9ef0d560 DEOPT PACKING pc=0x0000023db02b68d0 sp=0x000000ef804fe2a0
Event: 1.327 Thread 0x0000023d9ef0d560 DEOPT UNPACKING pc=0x0000023dafd49d22 sp=0x000000ef804fe248 mode 2
Event: 1.328 Thread 0x0000023d9ef0d560 Uncommon trap: trap_request=0xffffff45 fr.pc=0x0000023db02b81d4 relative=0x00000000000000d4
Event: 1.328 Thread 0x0000023d9ef0d560 Uncommon trap: reason=unstable_if action=reinterpret pc=0x0000023db02b81d4 method=java.util.concurrent.locks.ReentrantLock$Sync.tryRelease(I)Z @ 26 c2
Event: 1.328 Thread 0x0000023d9ef0d560 DEOPT PACKING pc=0x0000023db02b81d4 sp=0x000000ef804fe2a0
Event: 1.328 Thread 0x0000023d9ef0d560 DEOPT UNPACKING pc=0x0000023dafd49d22 sp=0x000000ef804fe240 mode 2
Event: 1.333 Thread 0x0000023d9ef0d560 Uncommon trap: trap_request=0xffffff45 fr.pc=0x0000023db02b5ec0 relative=0x0000000000000040
Event: 1.333 Thread 0x0000023d9ef0d560 Uncommon trap: reason=unstable_if action=reinterpret pc=0x0000023db02b5ec0 method=java.util.concurrent.locks.AbstractQueuedSynchronizer.signalNext(Ljava/util/concurrent/locks/AbstractQueuedSynchronizer$Node;)V @ 1 c2
Event: 1.333 Thread 0x0000023d9ef0d560 DEOPT PACKING pc=0x0000023db02b5ec0 sp=0x000000ef804fe340
Event: 1.333 Thread 0x0000023d9ef0d560 DEOPT UNPACKING pc=0x0000023dafd49d22 sp=0x000000ef804fe2d0 mode 2
Event: 1.547 Thread 0x0000023dc4e63740 Uncommon trap: trap_request=0xffffff45 fr.pc=0x0000023db02a8570 relative=0x00000000000004b0
Event: 1.547 Thread 0x0000023dc4e63740 Uncommon trap: reason=unstable_if action=reinterpret pc=0x0000023db02a8570 method=java.lang.StringLatin1.replace([BCC)Ljava/lang/String; @ 19 c2
Event: 1.547 Thread 0x0000023dc4e63740 DEOPT PACKING pc=0x0000023db02a8570 sp=0x000000ef821fe9e0
Event: 1.547 Thread 0x0000023dc4e63740 DEOPT UNPACKING pc=0x0000023dafd49d22 sp=0x000000ef821fe960 mode 2

Classes loaded (20 events):
Event: 1.964 Loading class sun/java2d/loops/GraphicsPrimitiveMgr$PrimitiveSpec
Event: 1.964 Loading class sun/java2d/loops/GraphicsPrimitiveMgr$PrimitiveSpec done
Event: 1.966 Loading class sun/java2d/d3d/D3DSurfaceDataProxy
Event: 1.966 Loading class sun/java2d/d3d/D3DSurfaceDataProxy done
Event: 1.967 Loading class sun/awt/image/BufImgSurfaceManager
Event: 1.967 Loading class sun/awt/image/BufImgSurfaceManager done
Event: 1.967 Loading class sun/awt/image/BufImgSurfaceData
Event: 1.967 Loading class sun/awt/image/BufImgSurfaceData done
Event: 1.968 Loading class sun/awt/image/BufImgSurfaceData$ICMColorData
Event: 1.968 Loading class sun/awt/image/BufImgSurfaceData$ICMColorData done
Event: 1.968 Loading class sun/java2d/loops/RenderLoops
Event: 1.968 Loading class sun/java2d/loops/RenderLoops done
Event: 1.969 Loading class sun/java2d/loops/DrawGlyphListColor
Event: 1.969 Loading class sun/java2d/loops/DrawGlyphListColor done
Event: 1.969 Loading class sun/java2d/loops/DrawGlyphListColor$General
Event: 1.970 Loading class sun/java2d/loops/DrawGlyphListColor$General done
Event: 1.970 Loading class sun/java2d/loops/Blit$GeneralMaskBlit
Event: 1.970 Loading class sun/java2d/loops/Blit$GeneralMaskBlit done
Event: 1.982 Loading class sun/font/SunFontManager$FamilyDescription
Event: 1.982 Loading class sun/font/SunFontManager$FamilyDescription done

Classes unloaded (0 events):
No events

Classes redefined (0 events):
No events

Internal exceptions (15 events):
Event: 0.121 Thread 0x0000023d9ef0d560 Exception <a 'sun/nio/fs/WindowsException'{0x000000072eb9b650}> (0x000000072eb9b650) 
thrown [s\open\src\hotspot\share\prims\jni.cpp, line 519]
Event: 0.125 Thread 0x0000023d9ef0d560 Exception <a 'sun/nio/fs/WindowsException'{0x000000072eb9dc70}> (0x000000072eb9dc70) 
thrown [s\open\src\hotspot\share\prims\jni.cpp, line 519]
Event: 0.126 Thread 0x0000023d9ef0d560 Exception <a 'sun/nio/fs/WindowsException'{0x000000072eb9e788}> (0x000000072eb9e788) 
thrown [s\open\src\hotspot\share\prims\jni.cpp, line 519]
Event: 0.229 Thread 0x0000023d9ef0d560 Exception <a 'java/lang/ClassNotFoundException'{0x000000072e91d830}: sun/awt/resources/spi/awtProvider> (0x000000072e91d830) 
thrown [s\open\src\hotspot\share\classfile\systemDictionary.cpp, line 305]
Event: 0.288 Thread 0x0000023d9ef0d560 Exception <a 'java/io/FileNotFoundException'{0x000000072e974048}> (0x000000072e974048) 
thrown [s\open\src\hotspot\share\prims\jni.cpp, line 519]
Event: 0.308 Thread 0x0000023d9ef0d560 Exception <a 'java/io/FileNotFoundException'{0x000000072e99e040}> (0x000000072e99e040) 
thrown [s\open\src\hotspot\share\prims\jni.cpp, line 519]
Event: 0.755 Thread 0x0000023d9ef0d560 Exception <a 'java/lang/NoSuchMethodError'{0x000000072e715678}: 'void java.lang.invoke.DirectMethodHandle$Holder.invokeSpecial(java.lang.Object, java.lang.Object, java.lang.Object)'> (0x000000072e715678) 
thrown [s\open\src\hotspot\share\interpreter\linkResolver.cpp, line 773]
Event: 0.782 Thread 0x0000023d9ef0d560 Exception <a 'java/lang/NoSuchMethodError'{0x000000072e73fe78}: 'java.lang.Object java.lang.invoke.DirectMethodHandle$Holder.newInvokeSpecial(java.lang.Object, java.lang.Object, java.lang.Object, java.lang.Object, java.lang.Object)'> (0x000000072e73fe78) 
thrown [s\open\src\hotspot\share\interpreter\linkResolver.cpp, line 773]
Event: 0.796 Thread 0x0000023d9ef0d560 Exception <a 'java/lang/NoSuchMethodError'{0x000000072e770968}: 'java.lang.Object java.lang.invoke.DirectMethodHandle$Holder.invokeStatic(java.lang.Object, int, java.lang.Object)'> (0x000000072e770968) 
thrown [s\open\src\hotspot\share\interpreter\linkResolver.cpp, line 773]
Event: 0.919 Thread 0x0000023d9ef0d560 Exception <a 'java/lang/ClassNotFoundException'{0x000000072e42bea8}: com/sun/swing/internal/plaf/metal/resources/spi/metalProvider> (0x000000072e42bea8) 
thrown [s\open\src\hotspot\share\classfile\systemDictionary.cpp, line 305]
Event: 0.921 Thread 0x0000023d9ef0d560 Exception <a 'java/lang/ClassNotFoundException'{0x000000072e42fe58}: com/sun/swing/internal/plaf/basic/resources/spi/basicProvider> (0x000000072e42fe58) 
thrown [s\open\src\hotspot\share\classfile\systemDictionary.cpp, line 305]
Event: 0.957 Thread 0x0000023d9ef0d560 Exception <a 'java/lang/NoSuchMethodError'{0x000000072e44ef88}: 'int java.lang.invoke.Invokers$Holder.invokeExact_MT(java.lang.Object, java.lang.Object)'> (0x000000072e44ef88) 
thrown [s\open\src\hotspot\share\interpreter\linkResolver.cpp, line 773]
Event: 1.555 Thread 0x0000023dc4e63740 Exception <a 'java/lang/NoSuchMethodError'{0x000000072e085710}: 'java.lang.Object java.lang.invoke.DirectMethodHandle$Holder.newInvokeSpecial(java.lang.Object, java.lang.Object, java.lang.Object, int, int, int, int, int)'> (0x000000072e085710) 
thrown [s\open\src\hotspot\share\interpreter\linkResolver.cpp, line 773]
Event: 1.605 Thread 0x0000023dc3f4ecb0 Exception <a 'java/lang/NoSuchMethodError'{0x000000072e680968}: 'void java.lang.invoke.DirectMethodHandle$Holder.invokeVirtual(java.lang.Object, java.lang.Object)'> (0x000000072e680968) 
thrown [s\open\src\hotspot\share\interpreter\linkResolver.cpp, line 773]
Event: 1.641 Thread 0x0000023d9ef0d560 Exception <a 'java/lang/NoSuchMethodError'{0x000000072e0f6f58}: 'void java.lang.invoke.DirectMethodHandle$Holder.invokeStaticInit(java.lang.Object)'> (0x000000072e0f6f58) 
thrown [s\open\src\hotspot\share\interpreter\linkResolver.cpp, line 773]

VM Operations (14 events):
Event: 0.132 Executing VM operation: HandshakeAllThreads
Event: 0.132 Executing VM operation: HandshakeAllThreads done
Event: 0.338 Executing VM operation: HandshakeAllThreads
Event: 0.338 Executing VM operation: HandshakeAllThreads done
Event: 1.022 Executing VM operation: HandshakeAllThreads
Event: 1.022 Executing VM operation: HandshakeAllThreads done
Event: 1.138 Executing VM operation: HandshakeAllThreads
Event: 1.138 Executing VM operation: HandshakeAllThreads done
Event: 1.138 Executing VM operation: Cleanup
Event: 1.138 Executing VM operation: Cleanup done
Event: 1.533 Executing VM operation: HandshakeAllThreads
Event: 1.534 Executing VM operation: HandshakeAllThreads done
Event: 1.583 Executing VM operation: HandshakeAllThreads
Event: 1.583 Executing VM operation: HandshakeAllThreads done

Events (20 events):
Event: 0.054 Thread 0x0000023dbf35f1c0 Thread added: 0x0000023dbf35f1c0
Event: 0.054 Thread 0x0000023dbf35ffc0 Thread added: 0x0000023dbf35ffc0
Event: 0.054 Thread 0x0000023dbf3613b0 Thread added: 0x0000023dbf3613b0
Event: 0.055 Thread 0x0000023dbf363390 Thread added: 0x0000023dbf363390
Event: 0.055 Thread 0x0000023dbf367df0 Thread added: 0x0000023dbf367df0
Event: 0.055 Thread 0x0000023dbf368860 Thread added: 0x0000023dbf368860
Event: 0.055 Thread 0x0000023dbf3694d0 Thread added: 0x0000023dbf3694d0
Event: 0.055 Thread 0x0000023dbf373fa0 Thread added: 0x0000023dbf373fa0
Event: 0.095 Thread 0x0000023dc3cf6930 Thread added: 0x0000023dc3cf6930
Event: 0.159 Thread 0x0000023dc3daaf80 Thread added: 0x0000023dc3daaf80
Event: 0.453 Thread 0x0000023dc3e955a0 Thread added: 0x0000023dc3e955a0
Event: 0.457 Thread 0x0000023dc3ed1010 Thread added: 0x0000023dc3ed1010
Event: 0.462 Thread 0x0000023dc3f4ecb0 Thread added: 0x0000023dc3f4ecb0
Event: 1.189 Thread 0x0000023dc4fbbe10 Thread added: 0x0000023dc4fbbe10
Event: 1.328 Thread 0x0000023dc4e651d0 Thread added: 0x0000023dc4e651d0
Event: 1.458 Thread 0x0000023dc4fbbe10 Thread exited: 0x0000023dc4fbbe10
Event: 1.544 Thread 0x0000023dc4e63740 Thread added: 0x0000023dc4e63740
Event: 1.779 Thread 0x0000023d9ef0d560 Thread exited: 0x0000023d9ef0d560
Event: 1.779 Thread 0x0000023dc4e64730 Thread added: 0x0000023dc4e64730
Event: 1.807 Thread 0x0000023dc4e62ca0 Thread added: 0x0000023dc4e62ca0


Dynamic libraries:
0x00007ff6b3190000 - 0x00007ff6b31a0000 	C:\Program Files\Java\jdk-20\bin\java.exe
0x00007ffbbf0b0000 - 0x00007ffbbf2c7000 	C:\WINDOWS\SYSTEM32\ntdll.dll
0x00007ffbbecb0000 - 0x00007ffbbed74000 	C:\WINDOWS\System32\KERNEL32.DLL
0x00007ffbbc970000 - 0x00007ffbbcd17000 	C:\WINDOWS\System32\KERNELBASE.dll
0x00007ffbbc5f0000 - 0x00007ffbbc701000 	C:\WINDOWS\System32\ucrtbase.dll
0x00007ffbacb90000 - 0x00007ffbacba9000 	C:\Program Files\Java\jdk-20\bin\jli.dll
0x00007ffbacbe0000 - 0x00007ffbacbfb000 	C:\Program Files\Java\jdk-20\bin\VCRUNTIME140.dll
0x00007ffbbeb60000 - 0x00007ffbbec12000 	C:\WINDOWS\System32\ADVAPI32.dll
0x00007ffbbcde0000 - 0x00007ffbbce87000 	C:\WINDOWS\System32\msvcrt.dll
0x00007ffbbe4c0000 - 0x00007ffbbe568000 	C:\WINDOWS\System32\sechost.dll
0x00007ffbbc520000 - 0x00007ffbbc548000 	C:\WINDOWS\System32\bcrypt.dll
0x00007ffbbef50000 - 0x00007ffbbf065000 	C:\WINDOWS\System32\RPCRT4.dll
0x00007ffbbe9b0000 - 0x00007ffbbeb5e000 	C:\WINDOWS\System32\USER32.dll
0x00007ffbbc3d0000 - 0x00007ffbbc3f6000 	C:\WINDOWS\System32\win32u.dll
0x00007ffbae290000 - 0x00007ffbae523000 	C:\WINDOWS\WinSxS\amd64_microsoft.windows.common-controls_6595b64144ccf1df_6.0.22621.3527_none_270e469b73872a76\COMCTL32.dll
0x00007ffbbe490000 - 0x00007ffbbe4b9000 	C:\WINDOWS\System32\GDI32.dll
0x00007ffbbc400000 - 0x00007ffbbc519000 	C:\WINDOWS\System32\gdi32full.dll
0x00007ffbbc550000 - 0x00007ffbbc5ea000 	C:\WINDOWS\System32\msvcp_win.dll
0x00007ffbb23e0000 - 0x00007ffbb23ea000 	C:\WINDOWS\SYSTEM32\VERSION.dll
0x00007ffbbed90000 - 0x00007ffbbedc1000 	C:\WINDOWS\System32\IMM32.DLL
0x00007ffbb2f10000 - 0x00007ffbb2f1c000 	C:\Program Files\Java\jdk-20\bin\vcruntime140_1.dll
0x00007ffb96950000 - 0x00007ffb969de000 	C:\Program Files\Java\jdk-20\bin\msvcp140.dll
0x00007ffafa4d0000 - 0x00007ffafb167000 	C:\Program Files\Java\jdk-20\bin\server\jvm.dll
0x00007ffbb0690000 - 0x00007ffbb0699000 	C:\WINDOWS\SYSTEM32\WSOCK32.dll
0x00007ffbb6aa0000 - 0x00007ffbb6ad4000 	C:\WINDOWS\SYSTEM32\WINMM.dll
0x00007ffbbe410000 - 0x00007ffbbe481000 	C:\WINDOWS\System32\WS2_32.dll
0x00007ffbbb390000 - 0x00007ffbbb3a8000 	C:\WINDOWS\SYSTEM32\kernel.appcore.dll
0x00007ffbb05c0000 - 0x00007ffbb05ca000 	C:\Program Files\Java\jdk-20\bin\jimage.dll
0x00007ffbb9c00000 - 0x00007ffbb9e33000 	C:\WINDOWS\SYSTEM32\DBGHELP.DLL
0x00007ffbbd750000 - 0x00007ffbbdad8000 	C:\WINDOWS\System32\combase.dll
0x00007ffbbedd0000 - 0x00007ffbbeea7000 	C:\WINDOWS\System32\OLEAUT32.dll
0x00007ffbb3370000 - 0x00007ffbb33a2000 	C:\WINDOWS\SYSTEM32\dbgcore.DLL
0x00007ffbbc780000 - 0x00007ffbbc7f9000 	C:\WINDOWS\System32\bcryptPrimitives.dll
0x00007ffb9e5c0000 - 0x00007ffb9e5e6000 	C:\Program Files\Java\jdk-20\bin\java.dll
0x00007ffb7d030000 - 0x00007ffb7d107000 	C:\Program Files\Java\jdk-20\bin\jsvml.dll
0x00007ffbbdbb0000 - 0x00007ffbbe40c000 	C:\WINDOWS\System32\SHELL32.dll
0x00007ffbba310000 - 0x00007ffbbac06000 	C:\WINDOWS\SYSTEM32\windows.storage.dll
0x00007ffbba1d0000 - 0x00007ffbba30e000 	C:\WINDOWS\SYSTEM32\wintypes.dll
0x00007ffbbe570000 - 0x00007ffbbe665000 	C:\WINDOWS\System32\SHCORE.dll
0x00007ffbbd220000 - 0x00007ffbbd27e000 	C:\WINDOWS\System32\shlwapi.dll
0x00007ffbbc300000 - 0x00007ffbbc321000 	C:\WINDOWS\SYSTEM32\profapi.dll
0x00007ffba48d0000 - 0x00007ffba48e3000 	C:\Program Files\Java\jdk-20\bin\net.dll
0x00007ffbb6d70000 - 0x00007ffbb6ea6000 	C:\WINDOWS\SYSTEM32\WINHTTP.dll
0x00007ffbbb860000 - 0x00007ffbbb8c9000 	C:\WINDOWS\system32\mswsock.dll
0x00007ffb98a00000 - 0x00007ffb98a16000 	C:\Program Files\Java\jdk-20\bin\nio.dll
0x00007ffba4c00000 - 0x00007ffba4c18000 	C:\Program Files\Java\jdk-20\bin\zip.dll
0x00007ffb7ce90000 - 0x00007ffb7d021000 	C:\Program Files\Java\jdk-20\bin\awt.dll
0x00007ffbb6210000 - 0x00007ffbb62a7000 	C:\WINDOWS\SYSTEM32\apphelp.dll
0x00007ffbb9670000 - 0x00007ffbb969b000 	C:\WINDOWS\system32\DWMAPI.DLL
0x00007ffbb9430000 - 0x00007ffbb94db000 	C:\WINDOWS\system32\uxtheme.dll
0x00007ffb7d790000 - 0x00007ffb7d890000 	C:\WINDOWS\system32\opengl32.dll
0x00007ffb8b0e0000 - 0x00007ffb8b10d000 	C:\WINDOWS\SYSTEM32\GLU32.dll
0x00007ffbb9510000 - 0x00007ffbb9549000 	C:\WINDOWS\SYSTEM32\dxcore.dll
0x00007ffbbe670000 - 0x00007ffbbe7c3000 	C:\WINDOWS\System32\MSCTF.dll
0x00007ffbbce90000 - 0x00007ffbbd035000 	C:\WINDOWS\System32\ole32.dll
0x00007ffb546d0000 - 0x00007ffb54879000 	C:\WINDOWS\system32\d3d9.dll
0x00007ffb9ebc0000 - 0x00007ffb9ed78000 	C:\WINDOWS\System32\DriverStore\FileRepository\u0379124.inf_amd64_8773bc065cfe07b7\B377477\aticfx64.dll
0x00007ffbb37e0000 - 0x00007ffbb3814000 	C:\WINDOWS\System32\DriverStore\FileRepository\u0379124.inf_amd64_8773bc065cfe07b7\B377477\atiu9p64.dll
0x00007ffb53970000 - 0x00007ffb546c4000 	C:\WINDOWS\System32\DriverStore\FileRepository\u0379124.inf_amd64_8773bc065cfe07b7\B377477\atiumd64.dll
0x000000005a9f0000 - 0x000000005b863000 	C:\WINDOWS\System32\DriverStore\FileRepository\u0379124.inf_amd64_8773bc065cfe07b7\B377477\atiumd6a.dll
0x00007ffbbd280000 - 0x00007ffbbd6f4000 	C:\WINDOWS\System32\SETUPAPI.dll
0x00007ffbbc290000 - 0x00007ffbbc2dd000 	C:\WINDOWS\SYSTEM32\POWRPROF.dll
0x00007ffbbc270000 - 0x00007ffbbc283000 	C:\WINDOWS\SYSTEM32\UMPDC.dll
0x00007ffb9b750000 - 0x00007ffb9b780000 	C:\WINDOWS\SYSTEM32\amdihk64.dll
0x00007ffb9f320000 - 0x00007ffb9f36a000 	C:\WINDOWS\SYSTEM32\directxdatabasehelper.dll
0x00007ffbb3990000 - 0x00007ffbb39a0000 	C:\Program Files\Java\jdk-20\bin\verify.dll
0x00007ffb7bf30000 - 0x00007ffb7bfb6000 	C:\Program Files\Java\jdk-20\bin\freetype.dll
0x00007ffb781e0000 - 0x00007ffb782a6000 	C:\Program Files\Java\jdk-20\bin\fontmanager.dll
0x00007ffbbdaf0000 - 0x00007ffbbdba0000 	C:\WINDOWS\System32\clbcatq.dll
0x00007ffbb9210000 - 0x00007ffbb93c0000 	C:\WINDOWS\SYSTEM32\WindowsCodecs.dll
0x00007ffb90100000 - 0x00007ffb9015e000 	C:\WINDOWS\system32\dataexchange.dll
0x00007ffbb7860000 - 0x00007ffbb7aeb000 	C:\WINDOWS\system32\twinapi.appcore.dll
0x00007ffba0f60000 - 0x00007ffba10ab000 	C:\WINDOWS\SYSTEM32\textinputframework.dll

dbghelp: loaded successfully - version: 4.0.5 - missing functions: none
symbol engine: initialized successfully - sym options: 0x614 - pdb path: .;C:\Program Files\Java\jdk-20\bin;C:\WINDOWS\SYSTEM32;C:\WINDOWS\WinSxS\amd64_microsoft.windows.common-controls_6595b64144ccf1df_6.0.22621.3527_none_270e469b73872a76;C:\Program Files\Java\jdk-20\bin\server;C:\WINDOWS\System32\DriverStore\FileRepository\u0379124.inf_amd64_8773bc065cfe07b7\B377477

VM Arguments:
jvm_args: -Dfile.encoding=UTF-8 --module-path=C:\Users\aditi\Documents\NetBeansProjects\Emolyeemanagementsystem\build\classes 
java_command: emolyeemanagementsystem.AddEmployee
java_class_path (initial): C:\Users\aditi\Downloads\drive-download-20240510T183158Z-001\mysql-connector-java-8.0.28.jar;C:\Users\aditi\Downloads\drive-download-20240510T183158Z-001\jcalendar-tz-1.3.3-4.jar;C:\Users\aditi\Documents\NetBeansProjects\Emolyeemanagementsystem\build\classes
Launcher Type: SUN_STANDARD

[Global flags]
     intx CICompilerCount                          = 4                                         {product} {ergonomic}
     uint ConcGCThreads                            = 2                                         {product} {ergonomic}
     uint G1ConcRefinementThreads                  = 8                                         {product} {ergonomic}
   size_t G1HeapRegionSize                         = 2097152                                   {product} {ergonomic}
    uintx GCDrainStackTargetSize                   = 64                                        {product} {ergonomic}
   size_t InitialHeapSize                          = 234881024                                 {product} {ergonomic}
   size_t MarkStackSize                            = 4194304                                   {product} {ergonomic}
   size_t MaxHeapSize                              = 3745513472                                {product} {ergonomic}
   size_t MaxNewSize                               = 2246049792                                {product} {ergonomic}
   size_t MinHeapDeltaBytes                        = 2097152                                   {product} {ergonomic}
   size_t MinHeapSize                              = 8388608                                   {product} {ergonomic}
    uintx NonNMethodCodeHeapSize                   = 5839372                                {pd product} {ergonomic}
    uintx NonProfiledCodeHeapSize                  = 122909434                              {pd product} {ergonomic}
    uintx ProfiledCodeHeapSize                     = 122909434                              {pd product} {ergonomic}
    uintx ReservedCodeCacheSize                    = 251658240                              {pd product} {ergonomic}
     bool SegmentedCodeCache                       = true                                      {product} {ergonomic}
   size_t SoftMaxHeapSize                          = 3745513472                             {manageable} {ergonomic}
     bool UseCompressedClassPointers               = true                           {product lp64_product} {ergonomic}
     bool UseCompressedOops                        = true                           {product lp64_product} {ergonomic}
     bool UseG1GC                                  = true                                      {product} {ergonomic}
     bool UseLargePagesIndividualAllocation        = false                                  {pd product} {ergonomic}

Logging:
Log output configuration:
 #0: stdout all=warning uptime,level,tags foldmultilines=false
 #1: stderr all=off uptime,level,tags foldmultilines=false

Environment Variables:
PATH=C:\Program Files (x86)\Common Files\Intel\Shared Libraries\redist\intel64\compiler;C:\Program Files\Common Files\Oracle\Java\javapath;C:\Program Files\Python311\Scripts\;C:\Program Files\Python311\;C:\Windows\system32;C:\Windows;C:\Windows\System32\Wbem;C:\Windows\System32\WindowsPowerShell\v1.0\;C:\Windows\System32\OpenSSH\;C:\Program Files\Microsoft SQL Server\150\Tools\Binn\;C:\Program Files\Microsoft SQL Server\Client SDK\ODBC\170\Tools\Binn\;C:\Program Files\dotnet\;C:\Users\aditi\AppData\Local\Programs\Python\Python310\Scripts;C:\WINDOWS\system32;C:\WINDOWS;C:\WINDOWS\System32\Wbem;C:\WINDOWS\System32\WindowsPowerShell\v1.0\;C:\WINDOWS\System32\OpenSSH\;C:\MinGW\bin;C:\Program Files\Git\cmd;C:\Program Files\MySQL\MySQL Shell 8.0\bin\;C:\Program Files\MySQL\MySQL Shell 8.4\bin\;C:\Users\aditi\AppData\Local\Microsoft\WindowsApps;C:\Users\aditi\.dotnet\tools;C:\Users\aditi\AppData\Local\Programs\Microsoft VS Code\bin;C:\Program Files\JetBrains\IntelliJ IDEA Community Edition 2023.1\bin;;
USERNAME=aditi
OS=Windows_NT
PROCESSOR_IDENTIFIER=AMD64 Family 23 Model 24 Stepping 1, AuthenticAMD
TMP=C:\Users\aditi\AppData\Local\Temp
TEMP=C:\Users\aditi\AppData\Local\Temp




---------------  S Y S T E M  ---------------

OS:
 Windows 11 , 64 bit Build 22621 (10.0.22621.3527)
OS uptime: 10 days 3:05 hours

CPU: total 8 (initial active 8) (8 cores per cpu, 2 threads per core) family 23 model 24 stepping 1 microcode 0x0, cx8, cmov, fxsr, ht, mmx, 3dnowpref, sse, sse2, sse3, ssse3, sse4a, sse4.1, sse4.2, popcnt, lzcnt, tsc, tscinvbit, avx, avx2, aes, clmul, bmi1, bmi2, adx, sha, fma, vzeroupper, clflush, clflushopt, rdtscp, f16c

Memory: 4k page, system-wide physical 14283M (935M free)
TotalPageFile size 57291M (AvailPageFile size 4M)
current process WorkingSet (physical memory assigned to process): 82M, peak: 82M
current process commit charge ("private bytes"): 358M, peak: 359M

vm_info: Java HotSpot(TM) 64-Bit Server VM (20+36-2344) for windows-amd64 JRE (20+36-2344), built on 2023-02-10T19:30:15Z by "mach5one" with MS VC++ 17.1 (VS2022)

END.
